running develop
running egg_info
creating runner_motor.egg-info
writing runner_motor.egg-info/PKG-INFO
writing dependency_links to runner_motor.egg-info/dependency_links.txt
writing entry points to runner_motor.egg-info/entry_points.txt
writing requirements to runner_motor.egg-info/requires.txt
writing top-level names to runner_motor.egg-info/top_level.txt
writing manifest file 'runner_motor.egg-info/SOURCES.txt'
reading manifest file 'runner_motor.egg-info/SOURCES.txt'
writing manifest file 'runner_motor.egg-info/SOURCES.txt'
running build_ext
Creating /home/matti/runner_ws/install/runner_motor/lib/python3.12/site-packages/runner-motor.egg-link (link to .)
Installing motor_node script to /home/matti/runner_ws/install/runner_motor/lib/runner_motor

Installed /home/matti/runner_ws/build/runner_motor
running symlink_data
creating /home/matti/runner_ws/install/runner_motor/share/ament_index
creating /home/matti/runner_ws/install/runner_motor/share/ament_index/resource_index
creating /home/matti/runner_ws/install/runner_motor/share/ament_index/resource_index/packages
symbolically linking /home/matti/runner_ws/build/runner_motor/resource/runner_motor -> /home/matti/runner_ws/install/runner_motor/share/ament_index/resource_index/packages
symbolically linking /home/matti/runner_ws/build/runner_motor/package.xml -> /home/matti/runner_ws/install/runner_motor/share/runner_motor
