[1.189s] Invoking command in '/home/matti/runner_ws/build/runner_motor': PYTHONPATH=/home/matti/runner_ws/build/runner_motor/prefix_override:/usr/lib/python3/dist-packages/colcon_core/task/python/colcon_distutils_commands:/home/matti/runner_ws/install/runner_motor/lib/python3.12/site-packages:${PYTHONPATH} /usr/bin/python3 -W ignore:setup.py install is deprecated -W ignore:easy_install command is deprecated setup.py develop --editable --build-directory /home/matti/runner_ws/build/runner_motor/build --no-deps symlink_data
[1.597s] running develop
[1.821s] running egg_info
[1.821s] creating runner_motor.egg-info
[1.843s] writing runner_motor.egg-info/PKG-INFO
[1.843s] writing dependency_links to runner_motor.egg-info/dependency_links.txt
[1.843s] writing entry points to runner_motor.egg-info/entry_points.txt
[1.844s] writing requirements to runner_motor.egg-info/requires.txt
[1.844s] writing top-level names to runner_motor.egg-info/top_level.txt
[1.844s] writing manifest file 'runner_motor.egg-info/SOURCES.txt'
[1.889s] reading manifest file 'runner_motor.egg-info/SOURCES.txt'
[1.890s] writing manifest file 'runner_motor.egg-info/SOURCES.txt'
[1.913s] running build_ext
[1.914s] Creating /home/matti/runner_ws/install/runner_motor/lib/python3.12/site-packages/runner-motor.egg-link (link to .)
[1.914s] Installing motor_node script to /home/matti/runner_ws/install/runner_motor/lib/runner_motor
[1.915s] 
[1.915s] Installed /home/matti/runner_ws/build/runner_motor
[1.915s] running symlink_data
[1.915s] creating /home/matti/runner_ws/install/runner_motor/share/ament_index
[1.915s] creating /home/matti/runner_ws/install/runner_motor/share/ament_index/resource_index
[1.916s] creating /home/matti/runner_ws/install/runner_motor/share/ament_index/resource_index/packages
[1.916s] symbolically linking /home/matti/runner_ws/build/runner_motor/resource/runner_motor -> /home/matti/runner_ws/install/runner_motor/share/ament_index/resource_index/packages
[1.916s] symbolically linking /home/matti/runner_ws/build/runner_motor/package.xml -> /home/matti/runner_ws/install/runner_motor/share/runner_motor
[2.015s] Invoked command in '/home/matti/runner_ws/build/runner_motor' returned '0': PYTHONPATH=/home/matti/runner_ws/build/runner_motor/prefix_override:/usr/lib/python3/dist-packages/colcon_core/task/python/colcon_distutils_commands:/home/matti/runner_ws/install/runner_motor/lib/python3.12/site-packages:${PYTHONPATH} /usr/bin/python3 -W ignore:setup.py install is deprecated -W ignore:easy_install command is deprecated setup.py develop --editable --build-directory /home/matti/runner_ws/build/runner_motor/build --no-deps symlink_data
