[0.503s] DEBUG:colcon:Command line arguments: ['/usr/bin/colcon', 'build', '--packages-select', 'ldlidar_stl_ros2']
[0.503s] DEBUG:colcon:Parsed command line arguments: Namespace(log_base=None, log_level=None, verb_name='build', build_base='build', install_base='install', merge_install=False, symlink_install=False, test_result_base=None, continue_on_error=False, executor='parallel', parallel_workers=4, event_handlers=None, ignore_user_meta=False, metas=['./colcon.meta'], base_paths=['.'], packages_ignore=None, packages_ignore_regex=None, paths=None, packages_up_to=None, packages_up_to_regex=None, packages_above=None, packages_above_and_dependencies=None, packages_above_depth=None, packages_select_by_dep=None, packages_skip_by_dep=None, packages_skip_up_to=None, packages_select_build_failed=False, packages_skip_build_finished=False, packages_select_test_failures=False, packages_skip_test_passed=False, packages_select=['ldlidar_stl_ros2'], packages_skip=None, packages_select_regex=None, packages_skip_regex=None, packages_start=None, packages_end=None, allow_overriding=[], cmake_args=None, cmake_target=None, cmake_target_skip_unavailable=False, cmake_clean_cache=False, cmake_clean_first=False, cmake_force_configure=False, ament_cmake_args=None, catkin_cmake_args=None, catkin_skip_building_tests=False, mixin_files=None, mixin=None, verb_parser=<colcon_mixin.mixin.mixin_argument.MixinArgumentDecorator object at 0xffffbbfe8f80>, verb_extension=<colcon_core.verb.build.BuildVerb object at 0xffffbc1ad430>, main=<bound method BuildVerb.main of <colcon_core.verb.build.BuildVerb object at 0xffffbc1ad430>>, mixin_verb=('build',))
[0.627s] Level 1:colcon.colcon_core.package_discovery:discover_packages(colcon_meta) check parameters
[0.628s] Level 1:colcon.colcon_core.package_discovery:discover_packages(recursive) check parameters
[0.628s] Level 1:colcon.colcon_core.package_discovery:discover_packages(ignore) check parameters
[0.628s] Level 1:colcon.colcon_core.package_discovery:discover_packages(path) check parameters
[0.628s] Level 1:colcon.colcon_core.package_discovery:discover_packages(colcon_meta) discover
[0.628s] Level 1:colcon.colcon_core.package_discovery:discover_packages(recursive) discover
[0.628s] INFO:colcon.colcon_core.package_discovery:Crawling recursively for packages in '/home/matti/runner_ws'
[0.628s] Level 1:colcon.colcon_core.package_identification:_identify(.) by extensions ['ignore', 'ignore_ament_install']
[0.628s] Level 1:colcon.colcon_core.package_identification:_identify(.) by extension 'ignore'
[0.628s] Level 1:colcon.colcon_core.package_identification:_identify(.) by extension 'ignore_ament_install'
[0.628s] Level 1:colcon.colcon_core.package_identification:_identify(.) by extensions ['colcon_pkg']
[0.629s] Level 1:colcon.colcon_core.package_identification:_identify(.) by extension 'colcon_pkg'
[0.629s] Level 1:colcon.colcon_core.package_identification:_identify(.) by extensions ['colcon_meta']
[0.629s] Level 1:colcon.colcon_core.package_identification:_identify(.) by extension 'colcon_meta'
[0.629s] Level 1:colcon.colcon_core.package_identification:_identify(.) by extensions ['ros']
[0.629s] Level 1:colcon.colcon_core.package_identification:_identify(.) by extension 'ros'
[0.689s] Level 1:colcon.colcon_core.package_identification:_identify(.) by extensions ['cmake', 'python']
[0.689s] Level 1:colcon.colcon_core.package_identification:_identify(.) by extension 'cmake'
[0.689s] Level 1:colcon.colcon_core.package_identification:_identify(.) by extension 'python'
[0.689s] Level 1:colcon.colcon_core.package_identification:_identify(.) by extensions ['python_setup_py']
[0.689s] Level 1:colcon.colcon_core.package_identification:_identify(.) by extension 'python_setup_py'
[0.690s] Level 1:colcon.colcon_core.package_identification:_identify(build) by extensions ['ignore', 'ignore_ament_install']
[0.690s] Level 1:colcon.colcon_core.package_identification:_identify(build) by extension 'ignore'
[0.690s] Level 1:colcon.colcon_core.package_identification:_identify(build) ignored
[0.690s] Level 1:colcon.colcon_core.package_identification:_identify(install) by extensions ['ignore', 'ignore_ament_install']
[0.690s] Level 1:colcon.colcon_core.package_identification:_identify(install) by extension 'ignore'
[0.690s] Level 1:colcon.colcon_core.package_identification:_identify(install) ignored
[0.690s] Level 1:colcon.colcon_core.package_identification:_identify(log) by extensions ['ignore', 'ignore_ament_install']
[0.690s] Level 1:colcon.colcon_core.package_identification:_identify(log) by extension 'ignore'
[0.690s] Level 1:colcon.colcon_core.package_identification:_identify(log) ignored
[0.690s] Level 1:colcon.colcon_core.package_identification:_identify(src) by extensions ['ignore', 'ignore_ament_install']
[0.691s] Level 1:colcon.colcon_core.package_identification:_identify(src) by extension 'ignore'
[0.691s] Level 1:colcon.colcon_core.package_identification:_identify(src) by extension 'ignore_ament_install'
[0.691s] Level 1:colcon.colcon_core.package_identification:_identify(src) by extensions ['colcon_pkg']
[0.691s] Level 1:colcon.colcon_core.package_identification:_identify(src) by extension 'colcon_pkg'
[0.691s] Level 1:colcon.colcon_core.package_identification:_identify(src) by extensions ['colcon_meta']
[0.691s] Level 1:colcon.colcon_core.package_identification:_identify(src) by extension 'colcon_meta'
[0.691s] Level 1:colcon.colcon_core.package_identification:_identify(src) by extensions ['ros']
[0.691s] Level 1:colcon.colcon_core.package_identification:_identify(src) by extension 'ros'
[0.691s] Level 1:colcon.colcon_core.package_identification:_identify(src) by extensions ['cmake', 'python']
[0.691s] Level 1:colcon.colcon_core.package_identification:_identify(src) by extension 'cmake'
[0.691s] Level 1:colcon.colcon_core.package_identification:_identify(src) by extension 'python'
[0.691s] Level 1:colcon.colcon_core.package_identification:_identify(src) by extensions ['python_setup_py']
[0.691s] Level 1:colcon.colcon_core.package_identification:_identify(src) by extension 'python_setup_py'
[0.691s] Level 1:colcon.colcon_core.package_identification:_identify(src/ldlidar_stl_ros2) by extensions ['ignore', 'ignore_ament_install']
[0.691s] Level 1:colcon.colcon_core.package_identification:_identify(src/ldlidar_stl_ros2) by extension 'ignore'
[0.691s] Level 1:colcon.colcon_core.package_identification:_identify(src/ldlidar_stl_ros2) by extension 'ignore_ament_install'
[0.692s] Level 1:colcon.colcon_core.package_identification:_identify(src/ldlidar_stl_ros2) by extensions ['colcon_pkg']
[0.692s] Level 1:colcon.colcon_core.package_identification:_identify(src/ldlidar_stl_ros2) by extension 'colcon_pkg'
[0.692s] Level 1:colcon.colcon_core.package_identification:_identify(src/ldlidar_stl_ros2) by extensions ['colcon_meta']
[0.692s] Level 1:colcon.colcon_core.package_identification:_identify(src/ldlidar_stl_ros2) by extension 'colcon_meta'
[0.692s] Level 1:colcon.colcon_core.package_identification:_identify(src/ldlidar_stl_ros2) by extensions ['ros']
[0.692s] Level 1:colcon.colcon_core.package_identification:_identify(src/ldlidar_stl_ros2) by extension 'ros'
[0.697s] DEBUG:colcon.colcon_core.package_identification:Package 'src/ldlidar_stl_ros2' with type 'ros.ament_cmake' and name 'ldlidar_stl_ros2'
[0.697s] Level 1:colcon.colcon_core.package_identification:_identify(src/runner_bringup) by extensions ['ignore', 'ignore_ament_install']
[0.697s] Level 1:colcon.colcon_core.package_identification:_identify(src/runner_bringup) by extension 'ignore'
[0.697s] Level 1:colcon.colcon_core.package_identification:_identify(src/runner_bringup) by extension 'ignore_ament_install'
[0.697s] Level 1:colcon.colcon_core.package_identification:_identify(src/runner_bringup) by extensions ['colcon_pkg']
[0.697s] Level 1:colcon.colcon_core.package_identification:_identify(src/runner_bringup) by extension 'colcon_pkg'
[0.697s] Level 1:colcon.colcon_core.package_identification:_identify(src/runner_bringup) by extensions ['colcon_meta']
[0.697s] Level 1:colcon.colcon_core.package_identification:_identify(src/runner_bringup) by extension 'colcon_meta'
[0.698s] Level 1:colcon.colcon_core.package_identification:_identify(src/runner_bringup) by extensions ['ros']
[0.698s] Level 1:colcon.colcon_core.package_identification:_identify(src/runner_bringup) by extension 'ros'
[0.699s] DEBUG:colcon.colcon_core.package_identification:Package 'src/runner_bringup' with type 'ros.ament_python' and name 'runner_bringup'
[0.699s] Level 1:colcon.colcon_core.package_identification:_identify(src/runner_imu) by extensions ['ignore', 'ignore_ament_install']
[0.699s] Level 1:colcon.colcon_core.package_identification:_identify(src/runner_imu) by extension 'ignore'
[0.699s] Level 1:colcon.colcon_core.package_identification:_identify(src/runner_imu) by extension 'ignore_ament_install'
[0.699s] Level 1:colcon.colcon_core.package_identification:_identify(src/runner_imu) by extensions ['colcon_pkg']
[0.699s] Level 1:colcon.colcon_core.package_identification:_identify(src/runner_imu) by extension 'colcon_pkg'
[0.699s] Level 1:colcon.colcon_core.package_identification:_identify(src/runner_imu) by extensions ['colcon_meta']
[0.699s] Level 1:colcon.colcon_core.package_identification:_identify(src/runner_imu) by extension 'colcon_meta'
[0.699s] Level 1:colcon.colcon_core.package_identification:_identify(src/runner_imu) by extensions ['ros']
[0.699s] Level 1:colcon.colcon_core.package_identification:_identify(src/runner_imu) by extension 'ros'
[0.700s] DEBUG:colcon.colcon_core.package_identification:Package 'src/runner_imu' with type 'ros.ament_python' and name 'runner_imu'
[0.700s] Level 1:colcon.colcon_core.package_identification:_identify(src/runner_imu_backup) by extensions ['ignore', 'ignore_ament_install']
[0.701s] Level 1:colcon.colcon_core.package_identification:_identify(src/runner_imu_backup) by extension 'ignore'
[0.701s] Level 1:colcon.colcon_core.package_identification:_identify(src/runner_imu_backup) by extension 'ignore_ament_install'
[0.701s] Level 1:colcon.colcon_core.package_identification:_identify(src/runner_imu_backup) by extensions ['colcon_pkg']
[0.701s] Level 1:colcon.colcon_core.package_identification:_identify(src/runner_imu_backup) by extension 'colcon_pkg'
[0.701s] Level 1:colcon.colcon_core.package_identification:_identify(src/runner_imu_backup) by extensions ['colcon_meta']
[0.701s] Level 1:colcon.colcon_core.package_identification:_identify(src/runner_imu_backup) by extension 'colcon_meta'
[0.701s] Level 1:colcon.colcon_core.package_identification:_identify(src/runner_imu_backup) by extensions ['ros']
[0.701s] Level 1:colcon.colcon_core.package_identification:_identify(src/runner_imu_backup) by extension 'ros'
[0.701s] Level 1:colcon.colcon_core.package_identification:_identify(src/runner_imu_backup) by extensions ['cmake', 'python']
[0.701s] Level 1:colcon.colcon_core.package_identification:_identify(src/runner_imu_backup) by extension 'cmake'
[0.701s] Level 1:colcon.colcon_core.package_identification:_identify(src/runner_imu_backup) by extension 'python'
[0.701s] Level 1:colcon.colcon_core.package_identification:_identify(src/runner_imu_backup) by extensions ['python_setup_py']
[0.701s] Level 1:colcon.colcon_core.package_identification:_identify(src/runner_imu_backup) by extension 'python_setup_py'
[0.701s] Level 1:colcon.colcon_core.package_identification:_identify(src/runner_imu_backup/runner_imu) by extensions ['ignore', 'ignore_ament_install']
[0.701s] Level 1:colcon.colcon_core.package_identification:_identify(src/runner_imu_backup/runner_imu) by extension 'ignore'
[0.701s] Level 1:colcon.colcon_core.package_identification:_identify(src/runner_imu_backup/runner_imu) by extension 'ignore_ament_install'
[0.702s] Level 1:colcon.colcon_core.package_identification:_identify(src/runner_imu_backup/runner_imu) by extensions ['colcon_pkg']
[0.702s] Level 1:colcon.colcon_core.package_identification:_identify(src/runner_imu_backup/runner_imu) by extension 'colcon_pkg'
[0.702s] Level 1:colcon.colcon_core.package_identification:_identify(src/runner_imu_backup/runner_imu) by extensions ['colcon_meta']
[0.702s] Level 1:colcon.colcon_core.package_identification:_identify(src/runner_imu_backup/runner_imu) by extension 'colcon_meta'
[0.702s] Level 1:colcon.colcon_core.package_identification:_identify(src/runner_imu_backup/runner_imu) by extensions ['ros']
[0.702s] Level 1:colcon.colcon_core.package_identification:_identify(src/runner_imu_backup/runner_imu) by extension 'ros'
[0.702s] Level 1:colcon.colcon_core.package_identification:_identify(src/runner_imu_backup/runner_imu) by extensions ['cmake', 'python']
[0.702s] Level 1:colcon.colcon_core.package_identification:_identify(src/runner_imu_backup/runner_imu) by extension 'cmake'
[0.702s] Level 1:colcon.colcon_core.package_identification:_identify(src/runner_imu_backup/runner_imu) by extension 'python'
[0.702s] Level 1:colcon.colcon_core.package_identification:_identify(src/runner_imu_backup/runner_imu) by extensions ['python_setup_py']
[0.702s] Level 1:colcon.colcon_core.package_identification:_identify(src/runner_imu_backup/runner_imu) by extension 'python_setup_py'
[0.702s] Level 1:colcon.colcon_core.package_identification:_identify(src/runner_motor) by extensions ['ignore', 'ignore_ament_install']
[0.702s] Level 1:colcon.colcon_core.package_identification:_identify(src/runner_motor) by extension 'ignore'
[0.702s] Level 1:colcon.colcon_core.package_identification:_identify(src/runner_motor) by extension 'ignore_ament_install'
[0.702s] Level 1:colcon.colcon_core.package_identification:_identify(src/runner_motor) by extensions ['colcon_pkg']
[0.702s] Level 1:colcon.colcon_core.package_identification:_identify(src/runner_motor) by extension 'colcon_pkg'
[0.702s] Level 1:colcon.colcon_core.package_identification:_identify(src/runner_motor) by extensions ['colcon_meta']
[0.702s] Level 1:colcon.colcon_core.package_identification:_identify(src/runner_motor) by extension 'colcon_meta'
[0.703s] Level 1:colcon.colcon_core.package_identification:_identify(src/runner_motor) by extensions ['ros']
[0.703s] Level 1:colcon.colcon_core.package_identification:_identify(src/runner_motor) by extension 'ros'
[0.704s] DEBUG:colcon.colcon_core.package_identification:Package 'src/runner_motor' with type 'ros.ament_python' and name 'runner_motor'
[0.704s] Level 1:colcon.colcon_core.package_identification:_identify(src/runner_teleop) by extensions ['ignore', 'ignore_ament_install']
[0.704s] Level 1:colcon.colcon_core.package_identification:_identify(src/runner_teleop) by extension 'ignore'
[0.704s] Level 1:colcon.colcon_core.package_identification:_identify(src/runner_teleop) by extension 'ignore_ament_install'
[0.704s] Level 1:colcon.colcon_core.package_identification:_identify(src/runner_teleop) by extensions ['colcon_pkg']
[0.704s] Level 1:colcon.colcon_core.package_identification:_identify(src/runner_teleop) by extension 'colcon_pkg'
[0.704s] Level 1:colcon.colcon_core.package_identification:_identify(src/runner_teleop) by extensions ['colcon_meta']
[0.704s] Level 1:colcon.colcon_core.package_identification:_identify(src/runner_teleop) by extension 'colcon_meta'
[0.704s] Level 1:colcon.colcon_core.package_identification:_identify(src/runner_teleop) by extensions ['ros']
[0.704s] Level 1:colcon.colcon_core.package_identification:_identify(src/runner_teleop) by extension 'ros'
[0.705s] DEBUG:colcon.colcon_core.package_identification:Package 'src/runner_teleop' with type 'ros.ament_python' and name 'runner_teleop'
[0.705s] Level 1:colcon.colcon_core.package_discovery:discover_packages(recursive) using defaults
[0.706s] Level 1:colcon.colcon_core.package_discovery:discover_packages(ignore) discover
[0.706s] Level 1:colcon.colcon_core.package_discovery:discover_packages(ignore) using defaults
[0.706s] Level 1:colcon.colcon_core.package_discovery:discover_packages(path) discover
[0.706s] Level 1:colcon.colcon_core.package_discovery:discover_packages(path) using defaults
[0.756s] INFO:colcon.colcon_core.package_selection:Skipping not selected package 'runner_imu' in 'src/runner_imu'
[0.757s] INFO:colcon.colcon_core.package_selection:Skipping not selected package 'runner_motor' in 'src/runner_motor'
[0.757s] INFO:colcon.colcon_core.package_selection:Skipping not selected package 'runner_teleop' in 'src/runner_teleop'
[0.757s] INFO:colcon.colcon_core.package_selection:Skipping not selected package 'runner_bringup' in 'src/runner_bringup'
[0.758s] Level 1:colcon.colcon_core.package_discovery:discover_packages(prefix_path) check parameters
[0.758s] Level 1:colcon.colcon_core.package_discovery:discover_packages(prefix_path) discover
[0.765s] DEBUG:colcon.colcon_installed_package_information.package_discovery:Found 4 installed packages in /home/matti/runner_ws/install
[0.767s] DEBUG:colcon.colcon_installed_package_information.package_discovery:Found 200 installed packages in /opt/ros/jazzy
[0.768s] Level 1:colcon.colcon_core.package_discovery:discover_packages(prefix_path) using defaults
[0.821s] Level 5:colcon.colcon_core.verb:set package 'ldlidar_stl_ros2' build argument 'cmake_args' from command line to 'None'
[0.821s] Level 5:colcon.colcon_core.verb:set package 'ldlidar_stl_ros2' build argument 'cmake_target' from command line to 'None'
[0.822s] Level 5:colcon.colcon_core.verb:set package 'ldlidar_stl_ros2' build argument 'cmake_target_skip_unavailable' from command line to 'False'
[0.822s] Level 5:colcon.colcon_core.verb:set package 'ldlidar_stl_ros2' build argument 'cmake_clean_cache' from command line to 'False'
[0.822s] Level 5:colcon.colcon_core.verb:set package 'ldlidar_stl_ros2' build argument 'cmake_clean_first' from command line to 'False'
[0.822s] Level 5:colcon.colcon_core.verb:set package 'ldlidar_stl_ros2' build argument 'cmake_force_configure' from command line to 'False'
[0.822s] Level 5:colcon.colcon_core.verb:set package 'ldlidar_stl_ros2' build argument 'ament_cmake_args' from command line to 'None'
[0.822s] Level 5:colcon.colcon_core.verb:set package 'ldlidar_stl_ros2' build argument 'catkin_cmake_args' from command line to 'None'
[0.822s] Level 5:colcon.colcon_core.verb:set package 'ldlidar_stl_ros2' build argument 'catkin_skip_building_tests' from command line to 'False'
[0.822s] DEBUG:colcon.colcon_core.verb:Building package 'ldlidar_stl_ros2' with the following arguments: {'ament_cmake_args': None, 'build_base': '/home/matti/runner_ws/build/ldlidar_stl_ros2', 'catkin_cmake_args': None, 'catkin_skip_building_tests': False, 'cmake_args': None, 'cmake_clean_cache': False, 'cmake_clean_first': False, 'cmake_force_configure': False, 'cmake_target': None, 'cmake_target_skip_unavailable': False, 'install_base': '/home/matti/runner_ws/install/ldlidar_stl_ros2', 'merge_install': False, 'path': '/home/matti/runner_ws/src/ldlidar_stl_ros2', 'symlink_install': False, 'test_result_base': None}
[0.822s] INFO:colcon.colcon_core.executor:Executing jobs using 'parallel' executor
[0.823s] DEBUG:colcon.colcon_parallel_executor.executor.parallel:run_until_complete
[0.824s] INFO:colcon.colcon_ros.task.ament_cmake.build:Building ROS package in '/home/matti/runner_ws/src/ldlidar_stl_ros2' with build type 'ament_cmake'
[0.824s] INFO:colcon.colcon_cmake.task.cmake.build:Building CMake package in '/home/matti/runner_ws/src/ldlidar_stl_ros2'
[0.839s] INFO:colcon.colcon_core.plugin_system:Skipping extension 'colcon_core.shell.bat': Not used on non-Windows systems
[0.840s] INFO:colcon.colcon_core.shell:Skip shell extension 'powershell' for command environment: Not usable outside of PowerShell
[0.840s] DEBUG:colcon.colcon_core.shell:Skip shell extension 'dsv' for command environment
[0.852s] DEBUG:colcon.colcon_core.event_handler.log_command:Invoking command in '/home/matti/runner_ws/build/ldlidar_stl_ros2': CMAKE_PREFIX_PATH=/home/matti/runner_ws/install/runner_bringup:/home/matti/runner_ws/install/runner_teleop:/home/matti/runner_ws/install/runner_motor:/home/matti/runner_ws/install/runner_imu:/opt/ros/jazzy /usr/bin/cmake /home/matti/runner_ws/src/ldlidar_stl_ros2 -DCMAKE_INSTALL_PREFIX=/home/matti/runner_ws/install/ldlidar_stl_ros2
[4.266s] DEBUG:colcon.colcon_core.event_handler.log_command:Invoked command in '/home/matti/runner_ws/build/ldlidar_stl_ros2' returned '0': CMAKE_PREFIX_PATH=/home/matti/runner_ws/install/runner_bringup:/home/matti/runner_ws/install/runner_teleop:/home/matti/runner_ws/install/runner_motor:/home/matti/runner_ws/install/runner_imu:/opt/ros/jazzy /usr/bin/cmake /home/matti/runner_ws/src/ldlidar_stl_ros2 -DCMAKE_INSTALL_PREFIX=/home/matti/runner_ws/install/ldlidar_stl_ros2
[4.268s] DEBUG:colcon.colcon_core.event_handler.log_command:Invoking command in '/home/matti/runner_ws/build/ldlidar_stl_ros2': CMAKE_PREFIX_PATH=/home/matti/runner_ws/install/runner_bringup:/home/matti/runner_ws/install/runner_teleop:/home/matti/runner_ws/install/runner_motor:/home/matti/runner_ws/install/runner_imu:/opt/ros/jazzy /usr/bin/cmake --build /home/matti/runner_ws/build/ldlidar_stl_ros2 -- -j4 -l4
[13.233s] DEBUG:colcon.colcon_core.event_handler.log_command:Invoked command in '/home/matti/runner_ws/build/ldlidar_stl_ros2' returned '2': CMAKE_PREFIX_PATH=/home/matti/runner_ws/install/runner_bringup:/home/matti/runner_ws/install/runner_teleop:/home/matti/runner_ws/install/runner_motor:/home/matti/runner_ws/install/runner_imu:/opt/ros/jazzy /usr/bin/cmake --build /home/matti/runner_ws/build/ldlidar_stl_ros2 -- -j4 -l4
[13.234s] Level 1:colcon.colcon_core.environment:create_environment_scripts_only(ldlidar_stl_ros2)
[13.250s] Level 1:colcon.colcon_core.environment:checking '/home/matti/runner_ws/install/ldlidar_stl_ros2' for CMake module files
[13.251s] Level 1:colcon.colcon_core.environment:checking '/home/matti/runner_ws/install/ldlidar_stl_ros2' for CMake config files
[13.251s] Level 1:colcon.colcon_core.environment:checking '/home/matti/runner_ws/install/ldlidar_stl_ros2/bin'
[13.251s] Level 1:colcon.colcon_core.environment:checking '/home/matti/runner_ws/install/ldlidar_stl_ros2/lib/pkgconfig/ldlidar_stl_ros2.pc'
[13.252s] Level 1:colcon.colcon_core.environment:checking '/home/matti/runner_ws/install/ldlidar_stl_ros2/lib/python3.12/site-packages'
[13.252s] Level 1:colcon.colcon_core.environment:checking '/home/matti/runner_ws/install/ldlidar_stl_ros2/bin'
[13.253s] INFO:colcon.colcon_core.shell:Creating package script '/home/matti/runner_ws/install/ldlidar_stl_ros2/share/ldlidar_stl_ros2/package.ps1'
[13.255s] INFO:colcon.colcon_core.shell:Creating package descriptor '/home/matti/runner_ws/install/ldlidar_stl_ros2/share/ldlidar_stl_ros2/package.dsv'
[13.257s] INFO:colcon.colcon_core.shell:Creating package script '/home/matti/runner_ws/install/ldlidar_stl_ros2/share/ldlidar_stl_ros2/package.sh'
[13.258s] INFO:colcon.colcon_core.shell:Creating package script '/home/matti/runner_ws/install/ldlidar_stl_ros2/share/ldlidar_stl_ros2/package.bash'
[13.259s] INFO:colcon.colcon_core.shell:Creating package script '/home/matti/runner_ws/install/ldlidar_stl_ros2/share/ldlidar_stl_ros2/package.zsh'
[13.261s] Level 1:colcon.colcon_core.environment:create_file_with_runtime_dependencies(/home/matti/runner_ws/install/ldlidar_stl_ros2/share/colcon-core/packages/ldlidar_stl_ros2)
[13.272s] DEBUG:colcon.colcon_parallel_executor.executor.parallel:closing loop
[13.272s] DEBUG:colcon.colcon_parallel_executor.executor.parallel:loop closed
[13.273s] DEBUG:colcon.colcon_parallel_executor.executor.parallel:run_until_complete finished with '2'
[13.273s] DEBUG:colcon.colcon_core.event_reactor:joining thread
[13.274s] DEBUG:colcon.colcon_core.event_reactor:joined thread
[13.274s] INFO:colcon.colcon_core.shell:Creating prefix script '/home/matti/runner_ws/install/local_setup.ps1'
[13.282s] INFO:colcon.colcon_core.shell:Creating prefix util module '/home/matti/runner_ws/install/_local_setup_util_ps1.py'
[13.285s] INFO:colcon.colcon_core.shell:Creating prefix chain script '/home/matti/runner_ws/install/setup.ps1'
[13.287s] INFO:colcon.colcon_core.shell:Creating prefix script '/home/matti/runner_ws/install/local_setup.sh'
[13.289s] INFO:colcon.colcon_core.shell:Creating prefix util module '/home/matti/runner_ws/install/_local_setup_util_sh.py'
[13.290s] INFO:colcon.colcon_core.shell:Creating prefix chain script '/home/matti/runner_ws/install/setup.sh'
[13.293s] INFO:colcon.colcon_core.shell:Creating prefix script '/home/matti/runner_ws/install/local_setup.bash'
[13.294s] INFO:colcon.colcon_core.shell:Creating prefix chain script '/home/matti/runner_ws/install/setup.bash'
[13.296s] INFO:colcon.colcon_core.shell:Creating prefix script '/home/matti/runner_ws/install/local_setup.zsh'
[13.299s] INFO:colcon.colcon_core.shell:Creating prefix chain script '/home/matti/runner_ws/install/setup.zsh'
