[0.152s] DEBUG:colcon:Command line arguments: ['/usr/bin/colcon', 'build', '--packages-select', 'runner_bringup', '--symlink-install']
[0.152s] DEBUG:colcon:Parsed command line arguments: Namespace(log_base=None, log_level=None, verb_name='build', build_base='build', install_base='install', merge_install=False, symlink_install=True, test_result_base=None, continue_on_error=False, executor='parallel', parallel_workers=4, event_handlers=None, ignore_user_meta=False, metas=['./colcon.meta'], base_paths=['.'], packages_ignore=None, packages_ignore_regex=None, paths=None, packages_up_to=None, packages_up_to_regex=None, packages_above=None, packages_above_and_dependencies=None, packages_above_depth=None, packages_select_by_dep=None, packages_skip_by_dep=None, packages_skip_up_to=None, packages_select_build_failed=False, packages_skip_build_finished=False, packages_select_test_failures=False, packages_skip_test_passed=False, packages_select=['runner_bringup'], packages_skip=None, packages_select_regex=None, packages_skip_regex=None, packages_start=None, packages_end=None, allow_overriding=[], cmake_args=None, cmake_target=None, cmake_target_skip_unavailable=False, cmake_clean_cache=False, cmake_clean_first=False, cmake_force_configure=False, ament_cmake_args=None, catkin_cmake_args=None, catkin_skip_building_tests=False, mixin_files=None, mixin=None, verb_parser=<colcon_mixin.mixin.mixin_argument.MixinArgumentDecorator object at 0xffff8902cb60>, verb_extension=<colcon_core.verb.build.BuildVerb object at 0xffff89385eb0>, main=<bound method BuildVerb.main of <colcon_core.verb.build.BuildVerb object at 0xffff89385eb0>>, mixin_verb=('build',))
[0.215s] Level 1:colcon.colcon_core.package_discovery:discover_packages(colcon_meta) check parameters
[0.215s] Level 1:colcon.colcon_core.package_discovery:discover_packages(recursive) check parameters
[0.215s] Level 1:colcon.colcon_core.package_discovery:discover_packages(ignore) check parameters
[0.215s] Level 1:colcon.colcon_core.package_discovery:discover_packages(path) check parameters
[0.215s] Level 1:colcon.colcon_core.package_discovery:discover_packages(colcon_meta) discover
[0.216s] Level 1:colcon.colcon_core.package_discovery:discover_packages(recursive) discover
[0.216s] INFO:colcon.colcon_core.package_discovery:Crawling recursively for packages in '/home/matti/runner_ws'
[0.216s] Level 1:colcon.colcon_core.package_identification:_identify(.) by extensions ['ignore', 'ignore_ament_install']
[0.216s] Level 1:colcon.colcon_core.package_identification:_identify(.) by extension 'ignore'
[0.216s] Level 1:colcon.colcon_core.package_identification:_identify(.) by extension 'ignore_ament_install'
[0.216s] Level 1:colcon.colcon_core.package_identification:_identify(.) by extensions ['colcon_pkg']
[0.216s] Level 1:colcon.colcon_core.package_identification:_identify(.) by extension 'colcon_pkg'
[0.216s] Level 1:colcon.colcon_core.package_identification:_identify(.) by extensions ['colcon_meta']
[0.216s] Level 1:colcon.colcon_core.package_identification:_identify(.) by extension 'colcon_meta'
[0.216s] Level 1:colcon.colcon_core.package_identification:_identify(.) by extensions ['ros']
[0.216s] Level 1:colcon.colcon_core.package_identification:_identify(.) by extension 'ros'
[0.257s] Level 1:colcon.colcon_core.package_identification:_identify(.) by extensions ['cmake', 'python']
[0.257s] Level 1:colcon.colcon_core.package_identification:_identify(.) by extension 'cmake'
[0.257s] Level 1:colcon.colcon_core.package_identification:_identify(.) by extension 'python'
[0.257s] Level 1:colcon.colcon_core.package_identification:_identify(.) by extensions ['python_setup_py']
[0.257s] Level 1:colcon.colcon_core.package_identification:_identify(.) by extension 'python_setup_py'
[0.257s] Level 1:colcon.colcon_core.package_identification:_identify(build) by extensions ['ignore', 'ignore_ament_install']
[0.258s] Level 1:colcon.colcon_core.package_identification:_identify(build) by extension 'ignore'
[0.258s] Level 1:colcon.colcon_core.package_identification:_identify(build) ignored
[0.258s] Level 1:colcon.colcon_core.package_identification:_identify(install) by extensions ['ignore', 'ignore_ament_install']
[0.258s] Level 1:colcon.colcon_core.package_identification:_identify(install) by extension 'ignore'
[0.258s] Level 1:colcon.colcon_core.package_identification:_identify(install) ignored
[0.258s] Level 1:colcon.colcon_core.package_identification:_identify(log) by extensions ['ignore', 'ignore_ament_install']
[0.258s] Level 1:colcon.colcon_core.package_identification:_identify(log) by extension 'ignore'
[0.258s] Level 1:colcon.colcon_core.package_identification:_identify(log) ignored
[0.259s] Level 1:colcon.colcon_core.package_identification:_identify(src) by extensions ['ignore', 'ignore_ament_install']
[0.259s] Level 1:colcon.colcon_core.package_identification:_identify(src) by extension 'ignore'
[0.259s] Level 1:colcon.colcon_core.package_identification:_identify(src) by extension 'ignore_ament_install'
[0.259s] Level 1:colcon.colcon_core.package_identification:_identify(src) by extensions ['colcon_pkg']
[0.259s] Level 1:colcon.colcon_core.package_identification:_identify(src) by extension 'colcon_pkg'
[0.259s] Level 1:colcon.colcon_core.package_identification:_identify(src) by extensions ['colcon_meta']
[0.259s] Level 1:colcon.colcon_core.package_identification:_identify(src) by extension 'colcon_meta'
[0.259s] Level 1:colcon.colcon_core.package_identification:_identify(src) by extensions ['ros']
[0.259s] Level 1:colcon.colcon_core.package_identification:_identify(src) by extension 'ros'
[0.259s] Level 1:colcon.colcon_core.package_identification:_identify(src) by extensions ['cmake', 'python']
[0.259s] Level 1:colcon.colcon_core.package_identification:_identify(src) by extension 'cmake'
[0.259s] Level 1:colcon.colcon_core.package_identification:_identify(src) by extension 'python'
[0.259s] Level 1:colcon.colcon_core.package_identification:_identify(src) by extensions ['python_setup_py']
[0.259s] Level 1:colcon.colcon_core.package_identification:_identify(src) by extension 'python_setup_py'
[0.259s] Level 1:colcon.colcon_core.package_identification:_identify(src/runner_bringup) by extensions ['ignore', 'ignore_ament_install']
[0.260s] Level 1:colcon.colcon_core.package_identification:_identify(src/runner_bringup) by extension 'ignore'
[0.260s] Level 1:colcon.colcon_core.package_identification:_identify(src/runner_bringup) by extension 'ignore_ament_install'
[0.260s] Level 1:colcon.colcon_core.package_identification:_identify(src/runner_bringup) by extensions ['colcon_pkg']
[0.260s] Level 1:colcon.colcon_core.package_identification:_identify(src/runner_bringup) by extension 'colcon_pkg'
[0.260s] Level 1:colcon.colcon_core.package_identification:_identify(src/runner_bringup) by extensions ['colcon_meta']
[0.260s] Level 1:colcon.colcon_core.package_identification:_identify(src/runner_bringup) by extension 'colcon_meta'
[0.260s] Level 1:colcon.colcon_core.package_identification:_identify(src/runner_bringup) by extensions ['ros']
[0.260s] Level 1:colcon.colcon_core.package_identification:_identify(src/runner_bringup) by extension 'ros'
[0.264s] DEBUG:colcon.colcon_core.package_identification:Package 'src/runner_bringup' with type 'ros.ament_python' and name 'runner_bringup'
[0.264s] Level 1:colcon.colcon_core.package_identification:_identify(src/runner_imu) by extensions ['ignore', 'ignore_ament_install']
[0.264s] Level 1:colcon.colcon_core.package_identification:_identify(src/runner_imu) by extension 'ignore'
[0.264s] Level 1:colcon.colcon_core.package_identification:_identify(src/runner_imu) by extension 'ignore_ament_install'
[0.265s] Level 1:colcon.colcon_core.package_identification:_identify(src/runner_imu) by extensions ['colcon_pkg']
[0.265s] Level 1:colcon.colcon_core.package_identification:_identify(src/runner_imu) by extension 'colcon_pkg'
[0.265s] Level 1:colcon.colcon_core.package_identification:_identify(src/runner_imu) by extensions ['colcon_meta']
[0.265s] Level 1:colcon.colcon_core.package_identification:_identify(src/runner_imu) by extension 'colcon_meta'
[0.265s] Level 1:colcon.colcon_core.package_identification:_identify(src/runner_imu) by extensions ['ros']
[0.265s] Level 1:colcon.colcon_core.package_identification:_identify(src/runner_imu) by extension 'ros'
[0.266s] DEBUG:colcon.colcon_core.package_identification:Package 'src/runner_imu' with type 'ros.ament_python' and name 'runner_imu'
[0.266s] Level 1:colcon.colcon_core.package_identification:_identify(src/runner_imu_backup) by extensions ['ignore', 'ignore_ament_install']
[0.266s] Level 1:colcon.colcon_core.package_identification:_identify(src/runner_imu_backup) by extension 'ignore'
[0.266s] Level 1:colcon.colcon_core.package_identification:_identify(src/runner_imu_backup) by extension 'ignore_ament_install'
[0.266s] Level 1:colcon.colcon_core.package_identification:_identify(src/runner_imu_backup) by extensions ['colcon_pkg']
[0.266s] Level 1:colcon.colcon_core.package_identification:_identify(src/runner_imu_backup) by extension 'colcon_pkg'
[0.266s] Level 1:colcon.colcon_core.package_identification:_identify(src/runner_imu_backup) by extensions ['colcon_meta']
[0.266s] Level 1:colcon.colcon_core.package_identification:_identify(src/runner_imu_backup) by extension 'colcon_meta'
[0.266s] Level 1:colcon.colcon_core.package_identification:_identify(src/runner_imu_backup) by extensions ['ros']
[0.266s] Level 1:colcon.colcon_core.package_identification:_identify(src/runner_imu_backup) by extension 'ros'
[0.266s] Level 1:colcon.colcon_core.package_identification:_identify(src/runner_imu_backup) by extensions ['cmake', 'python']
[0.266s] Level 1:colcon.colcon_core.package_identification:_identify(src/runner_imu_backup) by extension 'cmake'
[0.266s] Level 1:colcon.colcon_core.package_identification:_identify(src/runner_imu_backup) by extension 'python'
[0.266s] Level 1:colcon.colcon_core.package_identification:_identify(src/runner_imu_backup) by extensions ['python_setup_py']
[0.267s] Level 1:colcon.colcon_core.package_identification:_identify(src/runner_imu_backup) by extension 'python_setup_py'
[0.267s] Level 1:colcon.colcon_core.package_identification:_identify(src/runner_imu_backup/runner_imu) by extensions ['ignore', 'ignore_ament_install']
[0.267s] Level 1:colcon.colcon_core.package_identification:_identify(src/runner_imu_backup/runner_imu) by extension 'ignore'
[0.267s] Level 1:colcon.colcon_core.package_identification:_identify(src/runner_imu_backup/runner_imu) by extension 'ignore_ament_install'
[0.267s] Level 1:colcon.colcon_core.package_identification:_identify(src/runner_imu_backup/runner_imu) by extensions ['colcon_pkg']
[0.267s] Level 1:colcon.colcon_core.package_identification:_identify(src/runner_imu_backup/runner_imu) by extension 'colcon_pkg'
[0.267s] Level 1:colcon.colcon_core.package_identification:_identify(src/runner_imu_backup/runner_imu) by extensions ['colcon_meta']
[0.267s] Level 1:colcon.colcon_core.package_identification:_identify(src/runner_imu_backup/runner_imu) by extension 'colcon_meta'
[0.267s] Level 1:colcon.colcon_core.package_identification:_identify(src/runner_imu_backup/runner_imu) by extensions ['ros']
[0.267s] Level 1:colcon.colcon_core.package_identification:_identify(src/runner_imu_backup/runner_imu) by extension 'ros'
[0.268s] Level 1:colcon.colcon_core.package_identification:_identify(src/runner_imu_backup/runner_imu) by extensions ['cmake', 'python']
[0.268s] Level 1:colcon.colcon_core.package_identification:_identify(src/runner_imu_backup/runner_imu) by extension 'cmake'
[0.268s] Level 1:colcon.colcon_core.package_identification:_identify(src/runner_imu_backup/runner_imu) by extension 'python'
[0.268s] Level 1:colcon.colcon_core.package_identification:_identify(src/runner_imu_backup/runner_imu) by extensions ['python_setup_py']
[0.268s] Level 1:colcon.colcon_core.package_identification:_identify(src/runner_imu_backup/runner_imu) by extension 'python_setup_py'
[0.268s] Level 1:colcon.colcon_core.package_identification:_identify(src/runner_motor) by extensions ['ignore', 'ignore_ament_install']
[0.268s] Level 1:colcon.colcon_core.package_identification:_identify(src/runner_motor) by extension 'ignore'
[0.268s] Level 1:colcon.colcon_core.package_identification:_identify(src/runner_motor) by extension 'ignore_ament_install'
[0.268s] Level 1:colcon.colcon_core.package_identification:_identify(src/runner_motor) by extensions ['colcon_pkg']
[0.268s] Level 1:colcon.colcon_core.package_identification:_identify(src/runner_motor) by extension 'colcon_pkg'
[0.268s] Level 1:colcon.colcon_core.package_identification:_identify(src/runner_motor) by extensions ['colcon_meta']
[0.268s] Level 1:colcon.colcon_core.package_identification:_identify(src/runner_motor) by extension 'colcon_meta'
[0.268s] Level 1:colcon.colcon_core.package_identification:_identify(src/runner_motor) by extensions ['ros']
[0.268s] Level 1:colcon.colcon_core.package_identification:_identify(src/runner_motor) by extension 'ros'
[0.269s] DEBUG:colcon.colcon_core.package_identification:Package 'src/runner_motor' with type 'ros.ament_python' and name 'runner_motor'
[0.269s] Level 1:colcon.colcon_core.package_identification:_identify(src/runner_teleop) by extensions ['ignore', 'ignore_ament_install']
[0.269s] Level 1:colcon.colcon_core.package_identification:_identify(src/runner_teleop) by extension 'ignore'
[0.269s] Level 1:colcon.colcon_core.package_identification:_identify(src/runner_teleop) by extension 'ignore_ament_install'
[0.269s] Level 1:colcon.colcon_core.package_identification:_identify(src/runner_teleop) by extensions ['colcon_pkg']
[0.270s] Level 1:colcon.colcon_core.package_identification:_identify(src/runner_teleop) by extension 'colcon_pkg'
[0.270s] Level 1:colcon.colcon_core.package_identification:_identify(src/runner_teleop) by extensions ['colcon_meta']
[0.270s] Level 1:colcon.colcon_core.package_identification:_identify(src/runner_teleop) by extension 'colcon_meta'
[0.270s] Level 1:colcon.colcon_core.package_identification:_identify(src/runner_teleop) by extensions ['ros']
[0.270s] Level 1:colcon.colcon_core.package_identification:_identify(src/runner_teleop) by extension 'ros'
[0.271s] DEBUG:colcon.colcon_core.package_identification:Package 'src/runner_teleop' with type 'ros.ament_python' and name 'runner_teleop'
[0.271s] Level 1:colcon.colcon_core.package_discovery:discover_packages(recursive) using defaults
[0.271s] Level 1:colcon.colcon_core.package_discovery:discover_packages(ignore) discover
[0.271s] Level 1:colcon.colcon_core.package_discovery:discover_packages(ignore) using defaults
[0.271s] Level 1:colcon.colcon_core.package_discovery:discover_packages(path) discover
[0.271s] Level 1:colcon.colcon_core.package_discovery:discover_packages(path) using defaults
[0.297s] INFO:colcon.colcon_core.package_selection:Skipping not selected package 'runner_imu' in 'src/runner_imu'
[0.297s] INFO:colcon.colcon_core.package_selection:Skipping not selected package 'runner_motor' in 'src/runner_motor'
[0.297s] INFO:colcon.colcon_core.package_selection:Skipping not selected package 'runner_teleop' in 'src/runner_teleop'
[0.297s] Level 1:colcon.colcon_core.package_discovery:discover_packages(prefix_path) check parameters
[0.297s] Level 1:colcon.colcon_core.package_discovery:discover_packages(prefix_path) discover
[0.300s] DEBUG:colcon.colcon_installed_package_information.package_discovery:Found 3 installed packages in /home/matti/runner_ws/install
[0.301s] DEBUG:colcon.colcon_installed_package_information.package_discovery:Found 200 installed packages in /opt/ros/jazzy
[0.302s] Level 1:colcon.colcon_core.package_discovery:discover_packages(prefix_path) using defaults
[0.347s] Level 5:colcon.colcon_core.verb:set package 'runner_bringup' build argument 'cmake_args' from command line to 'None'
[0.347s] Level 5:colcon.colcon_core.verb:set package 'runner_bringup' build argument 'cmake_target' from command line to 'None'
[0.347s] Level 5:colcon.colcon_core.verb:set package 'runner_bringup' build argument 'cmake_target_skip_unavailable' from command line to 'False'
[0.347s] Level 5:colcon.colcon_core.verb:set package 'runner_bringup' build argument 'cmake_clean_cache' from command line to 'False'
[0.347s] Level 5:colcon.colcon_core.verb:set package 'runner_bringup' build argument 'cmake_clean_first' from command line to 'False'
[0.347s] Level 5:colcon.colcon_core.verb:set package 'runner_bringup' build argument 'cmake_force_configure' from command line to 'False'
[0.347s] Level 5:colcon.colcon_core.verb:set package 'runner_bringup' build argument 'ament_cmake_args' from command line to 'None'
[0.347s] Level 5:colcon.colcon_core.verb:set package 'runner_bringup' build argument 'catkin_cmake_args' from command line to 'None'
[0.347s] Level 5:colcon.colcon_core.verb:set package 'runner_bringup' build argument 'catkin_skip_building_tests' from command line to 'False'
[0.347s] DEBUG:colcon.colcon_core.verb:Building package 'runner_bringup' with the following arguments: {'ament_cmake_args': None, 'build_base': '/home/matti/runner_ws/build/runner_bringup', 'catkin_cmake_args': None, 'catkin_skip_building_tests': False, 'cmake_args': None, 'cmake_clean_cache': False, 'cmake_clean_first': False, 'cmake_force_configure': False, 'cmake_target': None, 'cmake_target_skip_unavailable': False, 'install_base': '/home/matti/runner_ws/install/runner_bringup', 'merge_install': False, 'path': '/home/matti/runner_ws/src/runner_bringup', 'symlink_install': True, 'test_result_base': None}
[0.348s] INFO:colcon.colcon_core.executor:Executing jobs using 'parallel' executor
[0.349s] DEBUG:colcon.colcon_parallel_executor.executor.parallel:run_until_complete
[0.349s] INFO:colcon.colcon_ros.task.ament_python.build:Building ROS package in '/home/matti/runner_ws/src/runner_bringup' with build type 'ament_python'
[0.350s] Level 1:colcon.colcon_core.shell:create_environment_hook('runner_bringup', 'ament_prefix_path')
[0.352s] INFO:colcon.colcon_core.plugin_system:Skipping extension 'colcon_core.shell.bat': Not used on non-Windows systems
[0.352s] INFO:colcon.colcon_core.shell:Creating environment hook '/home/matti/runner_ws/install/runner_bringup/share/runner_bringup/hook/ament_prefix_path.ps1'
[0.353s] INFO:colcon.colcon_core.shell:Creating environment descriptor '/home/matti/runner_ws/install/runner_bringup/share/runner_bringup/hook/ament_prefix_path.dsv'
[0.354s] INFO:colcon.colcon_core.shell:Creating environment hook '/home/matti/runner_ws/install/runner_bringup/share/runner_bringup/hook/ament_prefix_path.sh'
[0.355s] INFO:colcon.colcon_core.shell:Skip shell extension 'powershell' for command environment: Not usable outside of PowerShell
[0.355s] DEBUG:colcon.colcon_core.shell:Skip shell extension 'dsv' for command environment
[0.716s] INFO:colcon.colcon_core.task.python.build:Building Python package in '/home/matti/runner_ws/src/runner_bringup'
[0.716s] INFO:colcon.colcon_core.shell:Skip shell extension 'powershell' for command environment: Not usable outside of PowerShell
[0.717s] DEBUG:colcon.colcon_core.shell:Skip shell extension 'dsv' for command environment
[1.649s] DEBUG:colcon.colcon_core.event_handler.log_command:Invoking command in '/home/matti/runner_ws/build/runner_bringup': PYTHONPATH=/home/matti/runner_ws/build/runner_bringup/prefix_override:/usr/lib/python3/dist-packages/colcon_core/task/python/colcon_distutils_commands:/home/matti/runner_ws/install/runner_bringup/lib/python3.12/site-packages:${PYTHONPATH} /usr/bin/python3 -W ignore:setup.py install is deprecated -W ignore:easy_install command is deprecated setup.py develop --editable --build-directory /home/matti/runner_ws/build/runner_bringup/build --no-deps symlink_data
[2.517s] Level 1:colcon.colcon_core.shell:create_environment_hook('runner_bringup', 'pythonpath_develop')
[2.517s] INFO:colcon.colcon_core.shell:Creating environment hook '/home/matti/runner_ws/build/runner_bringup/share/runner_bringup/hook/pythonpath_develop.ps1'
[2.518s] DEBUG:colcon.colcon_core.event_handler.log_command:Invoked command in '/home/matti/runner_ws/build/runner_bringup' returned '0': PYTHONPATH=/home/matti/runner_ws/build/runner_bringup/prefix_override:/usr/lib/python3/dist-packages/colcon_core/task/python/colcon_distutils_commands:/home/matti/runner_ws/install/runner_bringup/lib/python3.12/site-packages:${PYTHONPATH} /usr/bin/python3 -W ignore:setup.py install is deprecated -W ignore:easy_install command is deprecated setup.py develop --editable --build-directory /home/matti/runner_ws/build/runner_bringup/build --no-deps symlink_data
[2.519s] INFO:colcon.colcon_core.shell:Creating environment descriptor '/home/matti/runner_ws/build/runner_bringup/share/runner_bringup/hook/pythonpath_develop.dsv'
[2.519s] INFO:colcon.colcon_core.shell:Creating environment hook '/home/matti/runner_ws/build/runner_bringup/share/runner_bringup/hook/pythonpath_develop.sh'
[2.524s] Level 1:colcon.colcon_core.environment:checking '/home/matti/runner_ws/install/runner_bringup' for CMake module files
[2.524s] Level 1:colcon.colcon_core.environment:checking '/home/matti/runner_ws/install/runner_bringup' for CMake config files
[2.525s] Level 1:colcon.colcon_core.environment:checking '/home/matti/runner_ws/install/runner_bringup/lib'
[2.526s] Level 1:colcon.colcon_core.environment:checking '/home/matti/runner_ws/install/runner_bringup/bin'
[2.526s] Level 1:colcon.colcon_core.environment:checking '/home/matti/runner_ws/install/runner_bringup/lib/pkgconfig/runner_bringup.pc'
[2.526s] Level 1:colcon.colcon_core.environment:checking '/home/matti/runner_ws/install/runner_bringup/lib/python3.12/site-packages'
[2.526s] Level 1:colcon.colcon_core.shell:create_environment_hook('runner_bringup', 'pythonpath')
[2.527s] INFO:colcon.colcon_core.shell:Creating environment hook '/home/matti/runner_ws/install/runner_bringup/share/runner_bringup/hook/pythonpath.ps1'
[2.527s] INFO:colcon.colcon_core.shell:Creating environment descriptor '/home/matti/runner_ws/install/runner_bringup/share/runner_bringup/hook/pythonpath.dsv'
[2.528s] INFO:colcon.colcon_core.shell:Creating environment hook '/home/matti/runner_ws/install/runner_bringup/share/runner_bringup/hook/pythonpath.sh'
[2.529s] Level 1:colcon.colcon_core.environment:checking '/home/matti/runner_ws/install/runner_bringup/bin'
[2.529s] Level 1:colcon.colcon_core.environment:create_environment_scripts_only(runner_bringup)
[2.529s] INFO:colcon.colcon_core.shell:Creating package script '/home/matti/runner_ws/install/runner_bringup/share/runner_bringup/package.ps1'
[2.530s] INFO:colcon.colcon_core.shell:Creating package descriptor '/home/matti/runner_ws/install/runner_bringup/share/runner_bringup/package.dsv'
[2.531s] INFO:colcon.colcon_core.shell:Creating package script '/home/matti/runner_ws/install/runner_bringup/share/runner_bringup/package.sh'
[2.532s] INFO:colcon.colcon_core.shell:Creating package script '/home/matti/runner_ws/install/runner_bringup/share/runner_bringup/package.bash'
[2.533s] INFO:colcon.colcon_core.shell:Creating package script '/home/matti/runner_ws/install/runner_bringup/share/runner_bringup/package.zsh'
[2.533s] Level 1:colcon.colcon_core.environment:create_file_with_runtime_dependencies(/home/matti/runner_ws/install/runner_bringup/share/colcon-core/packages/runner_bringup)
[2.534s] DEBUG:colcon.colcon_parallel_executor.executor.parallel:closing loop
[2.534s] DEBUG:colcon.colcon_parallel_executor.executor.parallel:loop closed
[2.535s] DEBUG:colcon.colcon_parallel_executor.executor.parallel:run_until_complete finished with '0'
[2.535s] DEBUG:colcon.colcon_core.event_reactor:joining thread
[2.535s] DEBUG:colcon.colcon_core.event_reactor:joined thread
[2.535s] INFO:colcon.colcon_core.shell:Creating prefix script '/home/matti/runner_ws/install/local_setup.ps1'
[2.536s] INFO:colcon.colcon_core.shell:Creating prefix util module '/home/matti/runner_ws/install/_local_setup_util_ps1.py'
[2.543s] INFO:colcon.colcon_core.shell:Creating prefix chain script '/home/matti/runner_ws/install/setup.ps1'
[2.545s] INFO:colcon.colcon_core.shell:Creating prefix script '/home/matti/runner_ws/install/local_setup.sh'
[2.546s] INFO:colcon.colcon_core.shell:Creating prefix util module '/home/matti/runner_ws/install/_local_setup_util_sh.py'
[2.548s] INFO:colcon.colcon_core.shell:Creating prefix chain script '/home/matti/runner_ws/install/setup.sh'
[2.549s] INFO:colcon.colcon_core.shell:Creating prefix script '/home/matti/runner_ws/install/local_setup.bash'
[2.551s] INFO:colcon.colcon_core.shell:Creating prefix chain script '/home/matti/runner_ws/install/setup.bash'
[2.552s] INFO:colcon.colcon_core.shell:Creating prefix script '/home/matti/runner_ws/install/local_setup.zsh'
[2.553s] INFO:colcon.colcon_core.shell:Creating prefix chain script '/home/matti/runner_ws/install/setup.zsh'
