running develop
running egg_info
creating runner_bringup.egg-info
writing runner_bringup.egg-info/PKG-INFO
writing dependency_links to runner_bringup.egg-info/dependency_links.txt
writing requirements to runner_bringup.egg-info/requires.txt
writing top-level names to runner_bringup.egg-info/top_level.txt
writing manifest file 'runner_bringup.egg-info/SOURCES.txt'
reading manifest file 'runner_bringup.egg-info/SOURCES.txt'
writing manifest file 'runner_bringup.egg-info/SOURCES.txt'
running build_ext
Creating /home/matti/runner_ws/install/runner_bringup/lib/python3.12/site-packages/runner-bringup.egg-link (link to .)

Installed /home/matti/runner_ws/build/runner_bringup
running symlink_data
creating /home/matti/runner_ws/install/runner_bringup/share/ament_index
creating /home/matti/runner_ws/install/runner_bringup/share/ament_index/resource_index
creating /home/matti/runner_ws/install/runner_bringup/share/ament_index/resource_index/packages
symbolically linking /home/matti/runner_ws/build/runner_bringup/resource/runner_bringup -> /home/matti/runner_ws/install/runner_bringup/share/ament_index/resource_index/packages
symbolically linking /home/matti/runner_ws/build/runner_bringup/package.xml -> /home/matti/runner_ws/install/runner_bringup/share/runner_bringup
creating /home/matti/runner_ws/install/runner_bringup/share/runner_bringup/launch
symbolically linking /home/matti/runner_ws/build/runner_bringup/launch/teleop.launch.py -> /home/matti/runner_ws/install/runner_bringup/share/runner_bringup/launch
