[0.142s] DEBUG:colcon:Command line arguments: ['/usr/bin/colcon', 'build', '--packages-select', 'ldlidar_stl_ros2']
[0.142s] DEBUG:colcon:Parsed command line arguments: Namespace(log_base=None, log_level=None, verb_name='build', build_base='build', install_base='install', merge_install=False, symlink_install=False, test_result_base=None, continue_on_error=False, executor='parallel', parallel_workers=4, event_handlers=None, ignore_user_meta=False, metas=['./colcon.meta'], base_paths=['.'], packages_ignore=None, packages_ignore_regex=None, paths=None, packages_up_to=None, packages_up_to_regex=None, packages_above=None, packages_above_and_dependencies=None, packages_above_depth=None, packages_select_by_dep=None, packages_skip_by_dep=None, packages_skip_up_to=None, packages_select_build_failed=False, packages_skip_build_finished=False, packages_select_test_failures=False, packages_skip_test_passed=False, packages_select=['ldlidar_stl_ros2'], packages_skip=None, packages_select_regex=None, packages_skip_regex=None, packages_start=None, packages_end=None, allow_overriding=[], cmake_args=None, cmake_target=None, cmake_target_skip_unavailable=False, cmake_clean_cache=False, cmake_clean_first=False, cmake_force_configure=False, ament_cmake_args=None, catkin_cmake_args=None, catkin_skip_building_tests=False, mixin_files=None, mixin=None, verb_parser=<colcon_mixin.mixin.mixin_argument.MixinArgumentDecorator object at 0xffff86fb0e30>, verb_extension=<colcon_core.verb.build.BuildVerb object at 0xffff8716d580>, main=<bound method BuildVerb.main of <colcon_core.verb.build.BuildVerb object at 0xffff8716d580>>, mixin_verb=('build',))
[0.197s] Level 1:colcon.colcon_core.package_discovery:discover_packages(colcon_meta) check parameters
[0.198s] Level 1:colcon.colcon_core.package_discovery:discover_packages(recursive) check parameters
[0.198s] Level 1:colcon.colcon_core.package_discovery:discover_packages(ignore) check parameters
[0.198s] Level 1:colcon.colcon_core.package_discovery:discover_packages(path) check parameters
[0.198s] Level 1:colcon.colcon_core.package_discovery:discover_packages(colcon_meta) discover
[0.198s] Level 1:colcon.colcon_core.package_discovery:discover_packages(recursive) discover
[0.198s] INFO:colcon.colcon_core.package_discovery:Crawling recursively for packages in '/home/matti/runner_ws'
[0.198s] Level 1:colcon.colcon_core.package_identification:_identify(.) by extensions ['ignore', 'ignore_ament_install']
[0.198s] Level 1:colcon.colcon_core.package_identification:_identify(.) by extension 'ignore'
[0.198s] Level 1:colcon.colcon_core.package_identification:_identify(.) by extension 'ignore_ament_install'
[0.198s] Level 1:colcon.colcon_core.package_identification:_identify(.) by extensions ['colcon_pkg']
[0.198s] Level 1:colcon.colcon_core.package_identification:_identify(.) by extension 'colcon_pkg'
[0.198s] Level 1:colcon.colcon_core.package_identification:_identify(.) by extensions ['colcon_meta']
[0.198s] Level 1:colcon.colcon_core.package_identification:_identify(.) by extension 'colcon_meta'
[0.198s] Level 1:colcon.colcon_core.package_identification:_identify(.) by extensions ['ros']
[0.198s] Level 1:colcon.colcon_core.package_identification:_identify(.) by extension 'ros'
[0.237s] Level 1:colcon.colcon_core.package_identification:_identify(.) by extensions ['cmake', 'python']
[0.237s] Level 1:colcon.colcon_core.package_identification:_identify(.) by extension 'cmake'
[0.237s] Level 1:colcon.colcon_core.package_identification:_identify(.) by extension 'python'
[0.237s] Level 1:colcon.colcon_core.package_identification:_identify(.) by extensions ['python_setup_py']
[0.237s] Level 1:colcon.colcon_core.package_identification:_identify(.) by extension 'python_setup_py'
[0.237s] Level 1:colcon.colcon_core.package_identification:_identify(build) by extensions ['ignore', 'ignore_ament_install']
[0.238s] Level 1:colcon.colcon_core.package_identification:_identify(build) by extension 'ignore'
[0.238s] Level 1:colcon.colcon_core.package_identification:_identify(build) ignored
[0.238s] Level 1:colcon.colcon_core.package_identification:_identify(install) by extensions ['ignore', 'ignore_ament_install']
[0.238s] Level 1:colcon.colcon_core.package_identification:_identify(install) by extension 'ignore'
[0.238s] Level 1:colcon.colcon_core.package_identification:_identify(install) ignored
[0.238s] Level 1:colcon.colcon_core.package_identification:_identify(log) by extensions ['ignore', 'ignore_ament_install']
[0.238s] Level 1:colcon.colcon_core.package_identification:_identify(log) by extension 'ignore'
[0.238s] Level 1:colcon.colcon_core.package_identification:_identify(log) ignored
[0.238s] Level 1:colcon.colcon_core.package_identification:_identify(src) by extensions ['ignore', 'ignore_ament_install']
[0.238s] Level 1:colcon.colcon_core.package_identification:_identify(src) by extension 'ignore'
[0.238s] Level 1:colcon.colcon_core.package_identification:_identify(src) by extension 'ignore_ament_install'
[0.239s] Level 1:colcon.colcon_core.package_identification:_identify(src) by extensions ['colcon_pkg']
[0.239s] Level 1:colcon.colcon_core.package_identification:_identify(src) by extension 'colcon_pkg'
[0.239s] Level 1:colcon.colcon_core.package_identification:_identify(src) by extensions ['colcon_meta']
[0.239s] Level 1:colcon.colcon_core.package_identification:_identify(src) by extension 'colcon_meta'
[0.239s] Level 1:colcon.colcon_core.package_identification:_identify(src) by extensions ['ros']
[0.239s] Level 1:colcon.colcon_core.package_identification:_identify(src) by extension 'ros'
[0.239s] Level 1:colcon.colcon_core.package_identification:_identify(src) by extensions ['cmake', 'python']
[0.239s] Level 1:colcon.colcon_core.package_identification:_identify(src) by extension 'cmake'
[0.239s] Level 1:colcon.colcon_core.package_identification:_identify(src) by extension 'python'
[0.239s] Level 1:colcon.colcon_core.package_identification:_identify(src) by extensions ['python_setup_py']
[0.239s] Level 1:colcon.colcon_core.package_identification:_identify(src) by extension 'python_setup_py'
[0.239s] Level 1:colcon.colcon_core.package_identification:_identify(src/ldlidar_stl_ros2) by extensions ['ignore', 'ignore_ament_install']
[0.239s] Level 1:colcon.colcon_core.package_identification:_identify(src/ldlidar_stl_ros2) by extension 'ignore'
[0.239s] Level 1:colcon.colcon_core.package_identification:_identify(src/ldlidar_stl_ros2) by extension 'ignore_ament_install'
[0.239s] Level 1:colcon.colcon_core.package_identification:_identify(src/ldlidar_stl_ros2) by extensions ['colcon_pkg']
[0.239s] Level 1:colcon.colcon_core.package_identification:_identify(src/ldlidar_stl_ros2) by extension 'colcon_pkg'
[0.239s] Level 1:colcon.colcon_core.package_identification:_identify(src/ldlidar_stl_ros2) by extensions ['colcon_meta']
[0.239s] Level 1:colcon.colcon_core.package_identification:_identify(src/ldlidar_stl_ros2) by extension 'colcon_meta'
[0.240s] Level 1:colcon.colcon_core.package_identification:_identify(src/ldlidar_stl_ros2) by extensions ['ros']
[0.240s] Level 1:colcon.colcon_core.package_identification:_identify(src/ldlidar_stl_ros2) by extension 'ros'
[0.243s] DEBUG:colcon.colcon_core.package_identification:Package 'src/ldlidar_stl_ros2' with type 'ros.ament_cmake' and name 'ldlidar_stl_ros2'
[0.243s] Level 1:colcon.colcon_core.package_identification:_identify(src/runner_bringup) by extensions ['ignore', 'ignore_ament_install']
[0.243s] Level 1:colcon.colcon_core.package_identification:_identify(src/runner_bringup) by extension 'ignore'
[0.243s] Level 1:colcon.colcon_core.package_identification:_identify(src/runner_bringup) by extension 'ignore_ament_install'
[0.243s] Level 1:colcon.colcon_core.package_identification:_identify(src/runner_bringup) by extensions ['colcon_pkg']
[0.243s] Level 1:colcon.colcon_core.package_identification:_identify(src/runner_bringup) by extension 'colcon_pkg'
[0.243s] Level 1:colcon.colcon_core.package_identification:_identify(src/runner_bringup) by extensions ['colcon_meta']
[0.243s] Level 1:colcon.colcon_core.package_identification:_identify(src/runner_bringup) by extension 'colcon_meta'
[0.243s] Level 1:colcon.colcon_core.package_identification:_identify(src/runner_bringup) by extensions ['ros']
[0.243s] Level 1:colcon.colcon_core.package_identification:_identify(src/runner_bringup) by extension 'ros'
[0.244s] DEBUG:colcon.colcon_core.package_identification:Package 'src/runner_bringup' with type 'ros.ament_python' and name 'runner_bringup'
[0.244s] Level 1:colcon.colcon_core.package_identification:_identify(src/runner_imu) by extensions ['ignore', 'ignore_ament_install']
[0.244s] Level 1:colcon.colcon_core.package_identification:_identify(src/runner_imu) by extension 'ignore'
[0.244s] Level 1:colcon.colcon_core.package_identification:_identify(src/runner_imu) by extension 'ignore_ament_install'
[0.244s] Level 1:colcon.colcon_core.package_identification:_identify(src/runner_imu) by extensions ['colcon_pkg']
[0.244s] Level 1:colcon.colcon_core.package_identification:_identify(src/runner_imu) by extension 'colcon_pkg'
[0.245s] Level 1:colcon.colcon_core.package_identification:_identify(src/runner_imu) by extensions ['colcon_meta']
[0.245s] Level 1:colcon.colcon_core.package_identification:_identify(src/runner_imu) by extension 'colcon_meta'
[0.245s] Level 1:colcon.colcon_core.package_identification:_identify(src/runner_imu) by extensions ['ros']
[0.245s] Level 1:colcon.colcon_core.package_identification:_identify(src/runner_imu) by extension 'ros'
[0.245s] DEBUG:colcon.colcon_core.package_identification:Package 'src/runner_imu' with type 'ros.ament_python' and name 'runner_imu'
[0.245s] Level 1:colcon.colcon_core.package_identification:_identify(src/runner_imu_backup) by extensions ['ignore', 'ignore_ament_install']
[0.245s] Level 1:colcon.colcon_core.package_identification:_identify(src/runner_imu_backup) by extension 'ignore'
[0.246s] Level 1:colcon.colcon_core.package_identification:_identify(src/runner_imu_backup) by extension 'ignore_ament_install'
[0.246s] Level 1:colcon.colcon_core.package_identification:_identify(src/runner_imu_backup) by extensions ['colcon_pkg']
[0.246s] Level 1:colcon.colcon_core.package_identification:_identify(src/runner_imu_backup) by extension 'colcon_pkg'
[0.246s] Level 1:colcon.colcon_core.package_identification:_identify(src/runner_imu_backup) by extensions ['colcon_meta']
[0.246s] Level 1:colcon.colcon_core.package_identification:_identify(src/runner_imu_backup) by extension 'colcon_meta'
[0.246s] Level 1:colcon.colcon_core.package_identification:_identify(src/runner_imu_backup) by extensions ['ros']
[0.246s] Level 1:colcon.colcon_core.package_identification:_identify(src/runner_imu_backup) by extension 'ros'
[0.246s] Level 1:colcon.colcon_core.package_identification:_identify(src/runner_imu_backup) by extensions ['cmake', 'python']
[0.246s] Level 1:colcon.colcon_core.package_identification:_identify(src/runner_imu_backup) by extension 'cmake'
[0.246s] Level 1:colcon.colcon_core.package_identification:_identify(src/runner_imu_backup) by extension 'python'
[0.246s] Level 1:colcon.colcon_core.package_identification:_identify(src/runner_imu_backup) by extensions ['python_setup_py']
[0.246s] Level 1:colcon.colcon_core.package_identification:_identify(src/runner_imu_backup) by extension 'python_setup_py'
[0.246s] Level 1:colcon.colcon_core.package_identification:_identify(src/runner_imu_backup/runner_imu) by extensions ['ignore', 'ignore_ament_install']
[0.246s] Level 1:colcon.colcon_core.package_identification:_identify(src/runner_imu_backup/runner_imu) by extension 'ignore'
[0.246s] Level 1:colcon.colcon_core.package_identification:_identify(src/runner_imu_backup/runner_imu) by extension 'ignore_ament_install'
[0.246s] Level 1:colcon.colcon_core.package_identification:_identify(src/runner_imu_backup/runner_imu) by extensions ['colcon_pkg']
[0.246s] Level 1:colcon.colcon_core.package_identification:_identify(src/runner_imu_backup/runner_imu) by extension 'colcon_pkg'
[0.246s] Level 1:colcon.colcon_core.package_identification:_identify(src/runner_imu_backup/runner_imu) by extensions ['colcon_meta']
[0.246s] Level 1:colcon.colcon_core.package_identification:_identify(src/runner_imu_backup/runner_imu) by extension 'colcon_meta'
[0.246s] Level 1:colcon.colcon_core.package_identification:_identify(src/runner_imu_backup/runner_imu) by extensions ['ros']
[0.247s] Level 1:colcon.colcon_core.package_identification:_identify(src/runner_imu_backup/runner_imu) by extension 'ros'
[0.247s] Level 1:colcon.colcon_core.package_identification:_identify(src/runner_imu_backup/runner_imu) by extensions ['cmake', 'python']
[0.247s] Level 1:colcon.colcon_core.package_identification:_identify(src/runner_imu_backup/runner_imu) by extension 'cmake'
[0.247s] Level 1:colcon.colcon_core.package_identification:_identify(src/runner_imu_backup/runner_imu) by extension 'python'
[0.247s] Level 1:colcon.colcon_core.package_identification:_identify(src/runner_imu_backup/runner_imu) by extensions ['python_setup_py']
[0.247s] Level 1:colcon.colcon_core.package_identification:_identify(src/runner_imu_backup/runner_imu) by extension 'python_setup_py'
[0.247s] Level 1:colcon.colcon_core.package_identification:_identify(src/runner_motor) by extensions ['ignore', 'ignore_ament_install']
[0.247s] Level 1:colcon.colcon_core.package_identification:_identify(src/runner_motor) by extension 'ignore'
[0.247s] Level 1:colcon.colcon_core.package_identification:_identify(src/runner_motor) by extension 'ignore_ament_install'
[0.247s] Level 1:colcon.colcon_core.package_identification:_identify(src/runner_motor) by extensions ['colcon_pkg']
[0.247s] Level 1:colcon.colcon_core.package_identification:_identify(src/runner_motor) by extension 'colcon_pkg'
[0.247s] Level 1:colcon.colcon_core.package_identification:_identify(src/runner_motor) by extensions ['colcon_meta']
[0.247s] Level 1:colcon.colcon_core.package_identification:_identify(src/runner_motor) by extension 'colcon_meta'
[0.247s] Level 1:colcon.colcon_core.package_identification:_identify(src/runner_motor) by extensions ['ros']
[0.247s] Level 1:colcon.colcon_core.package_identification:_identify(src/runner_motor) by extension 'ros'
[0.248s] DEBUG:colcon.colcon_core.package_identification:Package 'src/runner_motor' with type 'ros.ament_python' and name 'runner_motor'
[0.248s] Level 1:colcon.colcon_core.package_identification:_identify(src/runner_teleop) by extensions ['ignore', 'ignore_ament_install']
[0.248s] Level 1:colcon.colcon_core.package_identification:_identify(src/runner_teleop) by extension 'ignore'
[0.248s] Level 1:colcon.colcon_core.package_identification:_identify(src/runner_teleop) by extension 'ignore_ament_install'
[0.248s] Level 1:colcon.colcon_core.package_identification:_identify(src/runner_teleop) by extensions ['colcon_pkg']
[0.248s] Level 1:colcon.colcon_core.package_identification:_identify(src/runner_teleop) by extension 'colcon_pkg'
[0.248s] Level 1:colcon.colcon_core.package_identification:_identify(src/runner_teleop) by extensions ['colcon_meta']
[0.248s] Level 1:colcon.colcon_core.package_identification:_identify(src/runner_teleop) by extension 'colcon_meta'
[0.248s] Level 1:colcon.colcon_core.package_identification:_identify(src/runner_teleop) by extensions ['ros']
[0.248s] Level 1:colcon.colcon_core.package_identification:_identify(src/runner_teleop) by extension 'ros'
[0.249s] DEBUG:colcon.colcon_core.package_identification:Package 'src/runner_teleop' with type 'ros.ament_python' and name 'runner_teleop'
[0.249s] Level 1:colcon.colcon_core.package_discovery:discover_packages(recursive) using defaults
[0.249s] Level 1:colcon.colcon_core.package_discovery:discover_packages(ignore) discover
[0.249s] Level 1:colcon.colcon_core.package_discovery:discover_packages(ignore) using defaults
[0.249s] Level 1:colcon.colcon_core.package_discovery:discover_packages(path) discover
[0.249s] Level 1:colcon.colcon_core.package_discovery:discover_packages(path) using defaults
[0.273s] INFO:colcon.colcon_core.package_selection:Skipping not selected package 'runner_imu' in 'src/runner_imu'
[0.274s] INFO:colcon.colcon_core.package_selection:Skipping not selected package 'runner_motor' in 'src/runner_motor'
[0.274s] INFO:colcon.colcon_core.package_selection:Skipping not selected package 'runner_teleop' in 'src/runner_teleop'
[0.274s] INFO:colcon.colcon_core.package_selection:Skipping not selected package 'runner_bringup' in 'src/runner_bringup'
[0.274s] Level 1:colcon.colcon_core.package_discovery:discover_packages(prefix_path) check parameters
[0.274s] Level 1:colcon.colcon_core.package_discovery:discover_packages(prefix_path) discover
[0.277s] DEBUG:colcon.colcon_installed_package_information.package_discovery:Found 5 installed packages in /home/matti/runner_ws/install
[0.278s] DEBUG:colcon.colcon_installed_package_information.package_discovery:Found 200 installed packages in /opt/ros/jazzy
[0.279s] Level 1:colcon.colcon_core.package_discovery:discover_packages(prefix_path) using defaults
[0.320s] Level 5:colcon.colcon_core.verb:set package 'ldlidar_stl_ros2' build argument 'cmake_args' from command line to 'None'
[0.320s] Level 5:colcon.colcon_core.verb:set package 'ldlidar_stl_ros2' build argument 'cmake_target' from command line to 'None'
[0.320s] Level 5:colcon.colcon_core.verb:set package 'ldlidar_stl_ros2' build argument 'cmake_target_skip_unavailable' from command line to 'False'
[0.320s] Level 5:colcon.colcon_core.verb:set package 'ldlidar_stl_ros2' build argument 'cmake_clean_cache' from command line to 'False'
[0.321s] Level 5:colcon.colcon_core.verb:set package 'ldlidar_stl_ros2' build argument 'cmake_clean_first' from command line to 'False'
[0.321s] Level 5:colcon.colcon_core.verb:set package 'ldlidar_stl_ros2' build argument 'cmake_force_configure' from command line to 'False'
[0.321s] Level 5:colcon.colcon_core.verb:set package 'ldlidar_stl_ros2' build argument 'ament_cmake_args' from command line to 'None'
[0.321s] Level 5:colcon.colcon_core.verb:set package 'ldlidar_stl_ros2' build argument 'catkin_cmake_args' from command line to 'None'
[0.321s] Level 5:colcon.colcon_core.verb:set package 'ldlidar_stl_ros2' build argument 'catkin_skip_building_tests' from command line to 'False'
[0.321s] DEBUG:colcon.colcon_core.verb:Building package 'ldlidar_stl_ros2' with the following arguments: {'ament_cmake_args': None, 'build_base': '/home/matti/runner_ws/build/ldlidar_stl_ros2', 'catkin_cmake_args': None, 'catkin_skip_building_tests': False, 'cmake_args': None, 'cmake_clean_cache': False, 'cmake_clean_first': False, 'cmake_force_configure': False, 'cmake_target': None, 'cmake_target_skip_unavailable': False, 'install_base': '/home/matti/runner_ws/install/ldlidar_stl_ros2', 'merge_install': False, 'path': '/home/matti/runner_ws/src/ldlidar_stl_ros2', 'symlink_install': False, 'test_result_base': None}
[0.321s] INFO:colcon.colcon_core.executor:Executing jobs using 'parallel' executor
[0.322s] DEBUG:colcon.colcon_parallel_executor.executor.parallel:run_until_complete
[0.323s] INFO:colcon.colcon_ros.task.ament_cmake.build:Building ROS package in '/home/matti/runner_ws/src/ldlidar_stl_ros2' with build type 'ament_cmake'
[0.323s] INFO:colcon.colcon_cmake.task.cmake.build:Building CMake package in '/home/matti/runner_ws/src/ldlidar_stl_ros2'
[0.325s] INFO:colcon.colcon_core.plugin_system:Skipping extension 'colcon_core.shell.bat': Not used on non-Windows systems
[0.325s] INFO:colcon.colcon_core.shell:Skip shell extension 'powershell' for command environment: Not usable outside of PowerShell
[0.326s] DEBUG:colcon.colcon_core.shell:Skip shell extension 'dsv' for command environment
[0.383s] DEBUG:colcon.colcon_core.event_handler.log_command:Invoking command in '/home/matti/runner_ws/build/ldlidar_stl_ros2': CMAKE_PREFIX_PATH=${CMAKE_PREFIX_PATH}:/home/matti/runner_ws/install/runner_bringup:/home/matti/runner_ws/install/runner_teleop:/home/matti/runner_ws/install/runner_motor:/home/matti/runner_ws/install/runner_imu:/opt/ros/jazzy /usr/bin/cmake --build /home/matti/runner_ws/build/ldlidar_stl_ros2 -- -j4 -l4
[0.517s] DEBUG:colcon.colcon_core.event_handler.log_command:Invoked command in '/home/matti/runner_ws/build/ldlidar_stl_ros2' returned '0': CMAKE_PREFIX_PATH=${CMAKE_PREFIX_PATH}:/home/matti/runner_ws/install/runner_bringup:/home/matti/runner_ws/install/runner_teleop:/home/matti/runner_ws/install/runner_motor:/home/matti/runner_ws/install/runner_imu:/opt/ros/jazzy /usr/bin/cmake --build /home/matti/runner_ws/build/ldlidar_stl_ros2 -- -j4 -l4
[0.534s] DEBUG:colcon.colcon_core.event_handler.log_command:Invoking command in '/home/matti/runner_ws/build/ldlidar_stl_ros2': CMAKE_PREFIX_PATH=${CMAKE_PREFIX_PATH}:/home/matti/runner_ws/install/runner_bringup:/home/matti/runner_ws/install/runner_teleop:/home/matti/runner_ws/install/runner_motor:/home/matti/runner_ws/install/runner_imu:/opt/ros/jazzy /usr/bin/cmake --install /home/matti/runner_ws/build/ldlidar_stl_ros2
[0.553s] Level 1:colcon.colcon_core.environment:create_environment_scripts_only(ldlidar_stl_ros2)
[0.554s] DEBUG:colcon.colcon_core.event_handler.log_command:Invoked command in '/home/matti/runner_ws/build/ldlidar_stl_ros2' returned '0': CMAKE_PREFIX_PATH=${CMAKE_PREFIX_PATH}:/home/matti/runner_ws/install/runner_bringup:/home/matti/runner_ws/install/runner_teleop:/home/matti/runner_ws/install/runner_motor:/home/matti/runner_ws/install/runner_imu:/opt/ros/jazzy /usr/bin/cmake --install /home/matti/runner_ws/build/ldlidar_stl_ros2
[0.557s] Level 1:colcon.colcon_core.environment:checking '/home/matti/runner_ws/install/ldlidar_stl_ros2' for CMake module files
[0.557s] Level 1:colcon.colcon_core.environment:checking '/home/matti/runner_ws/install/ldlidar_stl_ros2' for CMake config files
[0.558s] Level 1:colcon.colcon_core.shell:create_environment_hook('ldlidar_stl_ros2', 'cmake_prefix_path')
[0.558s] INFO:colcon.colcon_core.shell:Creating environment hook '/home/matti/runner_ws/install/ldlidar_stl_ros2/share/ldlidar_stl_ros2/hook/cmake_prefix_path.ps1'
[0.559s] INFO:colcon.colcon_core.shell:Creating environment descriptor '/home/matti/runner_ws/install/ldlidar_stl_ros2/share/ldlidar_stl_ros2/hook/cmake_prefix_path.dsv'
[0.560s] INFO:colcon.colcon_core.shell:Creating environment hook '/home/matti/runner_ws/install/ldlidar_stl_ros2/share/ldlidar_stl_ros2/hook/cmake_prefix_path.sh'
[0.561s] Level 1:colcon.colcon_core.environment:checking '/home/matti/runner_ws/install/ldlidar_stl_ros2/lib'
[0.561s] Level 1:colcon.colcon_core.environment:checking '/home/matti/runner_ws/install/ldlidar_stl_ros2/bin'
[0.561s] Level 1:colcon.colcon_core.environment:checking '/home/matti/runner_ws/install/ldlidar_stl_ros2/lib/pkgconfig/ldlidar_stl_ros2.pc'
[0.561s] Level 1:colcon.colcon_core.environment:checking '/home/matti/runner_ws/install/ldlidar_stl_ros2/lib/python3.12/site-packages'
[0.562s] Level 1:colcon.colcon_core.environment:checking '/home/matti/runner_ws/install/ldlidar_stl_ros2/bin'
[0.562s] INFO:colcon.colcon_core.shell:Creating package script '/home/matti/runner_ws/install/ldlidar_stl_ros2/share/ldlidar_stl_ros2/package.ps1'
[0.564s] INFO:colcon.colcon_core.shell:Creating package descriptor '/home/matti/runner_ws/install/ldlidar_stl_ros2/share/ldlidar_stl_ros2/package.dsv'
[0.564s] INFO:colcon.colcon_core.shell:Creating package script '/home/matti/runner_ws/install/ldlidar_stl_ros2/share/ldlidar_stl_ros2/package.sh'
[0.565s] INFO:colcon.colcon_core.shell:Creating package script '/home/matti/runner_ws/install/ldlidar_stl_ros2/share/ldlidar_stl_ros2/package.bash'
[0.566s] INFO:colcon.colcon_core.shell:Creating package script '/home/matti/runner_ws/install/ldlidar_stl_ros2/share/ldlidar_stl_ros2/package.zsh'
[0.567s] Level 1:colcon.colcon_core.environment:create_file_with_runtime_dependencies(/home/matti/runner_ws/install/ldlidar_stl_ros2/share/colcon-core/packages/ldlidar_stl_ros2)
[0.568s] Level 1:colcon.colcon_core.environment:create_environment_scripts_only(ldlidar_stl_ros2)
[0.569s] Level 1:colcon.colcon_core.environment:checking '/home/matti/runner_ws/install/ldlidar_stl_ros2' for CMake module files
[0.569s] Level 1:colcon.colcon_core.environment:checking '/home/matti/runner_ws/install/ldlidar_stl_ros2' for CMake config files
[0.570s] Level 1:colcon.colcon_core.shell:create_environment_hook('ldlidar_stl_ros2', 'cmake_prefix_path')
[0.570s] INFO:colcon.colcon_core.shell:Creating environment hook '/home/matti/runner_ws/install/ldlidar_stl_ros2/share/ldlidar_stl_ros2/hook/cmake_prefix_path.ps1'
[0.570s] INFO:colcon.colcon_core.shell:Creating environment descriptor '/home/matti/runner_ws/install/ldlidar_stl_ros2/share/ldlidar_stl_ros2/hook/cmake_prefix_path.dsv'
[0.571s] INFO:colcon.colcon_core.shell:Creating environment hook '/home/matti/runner_ws/install/ldlidar_stl_ros2/share/ldlidar_stl_ros2/hook/cmake_prefix_path.sh'
[0.572s] Level 1:colcon.colcon_core.environment:checking '/home/matti/runner_ws/install/ldlidar_stl_ros2/lib'
[0.572s] Level 1:colcon.colcon_core.environment:checking '/home/matti/runner_ws/install/ldlidar_stl_ros2/bin'
[0.573s] Level 1:colcon.colcon_core.environment:checking '/home/matti/runner_ws/install/ldlidar_stl_ros2/lib/pkgconfig/ldlidar_stl_ros2.pc'
[0.573s] Level 1:colcon.colcon_core.environment:checking '/home/matti/runner_ws/install/ldlidar_stl_ros2/lib/python3.12/site-packages'
[0.573s] Level 1:colcon.colcon_core.environment:checking '/home/matti/runner_ws/install/ldlidar_stl_ros2/bin'
[0.574s] INFO:colcon.colcon_core.shell:Creating package script '/home/matti/runner_ws/install/ldlidar_stl_ros2/share/ldlidar_stl_ros2/package.ps1'
[0.574s] INFO:colcon.colcon_core.shell:Creating package descriptor '/home/matti/runner_ws/install/ldlidar_stl_ros2/share/ldlidar_stl_ros2/package.dsv'
[0.575s] INFO:colcon.colcon_core.shell:Creating package script '/home/matti/runner_ws/install/ldlidar_stl_ros2/share/ldlidar_stl_ros2/package.sh'
[0.576s] INFO:colcon.colcon_core.shell:Creating package script '/home/matti/runner_ws/install/ldlidar_stl_ros2/share/ldlidar_stl_ros2/package.bash'
[0.577s] INFO:colcon.colcon_core.shell:Creating package script '/home/matti/runner_ws/install/ldlidar_stl_ros2/share/ldlidar_stl_ros2/package.zsh'
[0.578s] Level 1:colcon.colcon_core.environment:create_file_with_runtime_dependencies(/home/matti/runner_ws/install/ldlidar_stl_ros2/share/colcon-core/packages/ldlidar_stl_ros2)
[0.580s] DEBUG:colcon.colcon_parallel_executor.executor.parallel:closing loop
[0.580s] DEBUG:colcon.colcon_parallel_executor.executor.parallel:loop closed
[0.581s] DEBUG:colcon.colcon_parallel_executor.executor.parallel:run_until_complete finished with '0'
[0.581s] DEBUG:colcon.colcon_core.event_reactor:joining thread
[0.581s] DEBUG:colcon.colcon_core.event_reactor:joined thread
[0.582s] INFO:colcon.colcon_core.shell:Creating prefix script '/home/matti/runner_ws/install/local_setup.ps1'
[0.583s] INFO:colcon.colcon_core.shell:Creating prefix util module '/home/matti/runner_ws/install/_local_setup_util_ps1.py'
[0.584s] INFO:colcon.colcon_core.shell:Creating prefix chain script '/home/matti/runner_ws/install/setup.ps1'
[0.586s] INFO:colcon.colcon_core.shell:Creating prefix script '/home/matti/runner_ws/install/local_setup.sh'
[0.587s] INFO:colcon.colcon_core.shell:Creating prefix util module '/home/matti/runner_ws/install/_local_setup_util_sh.py'
[0.588s] INFO:colcon.colcon_core.shell:Creating prefix chain script '/home/matti/runner_ws/install/setup.sh'
[0.590s] INFO:colcon.colcon_core.shell:Creating prefix script '/home/matti/runner_ws/install/local_setup.bash'
[0.592s] INFO:colcon.colcon_core.shell:Creating prefix chain script '/home/matti/runner_ws/install/setup.bash'
[0.593s] INFO:colcon.colcon_core.shell:Creating prefix script '/home/matti/runner_ws/install/local_setup.zsh'
[0.594s] INFO:colcon.colcon_core.shell:Creating prefix chain script '/home/matti/runner_ws/install/setup.zsh'
