running develop
running egg_info
creating runner_imu.egg-info
writing runner_imu.egg-info/PKG-INFO
writing dependency_links to runner_imu.egg-info/dependency_links.txt
writing entry points to runner_imu.egg-info/entry_points.txt
writing requirements to runner_imu.egg-info/requires.txt
writing top-level names to runner_imu.egg-info/top_level.txt
writing manifest file 'runner_imu.egg-info/SOURCES.txt'
reading manifest file 'runner_imu.egg-info/SOURCES.txt'
writing manifest file 'runner_imu.egg-info/SOURCES.txt'
running build_ext
Creating /home/matti/runner_ws/install/runner_imu/lib/python3.12/site-packages/runner-imu.egg-link (link to .)
Installing bno085_node script to /home/matti/runner_ws/install/runner_imu/lib/runner_imu

Installed /home/matti/runner_ws/build/runner_imu
running symlink_data
creating /home/matti/runner_ws/install/runner_imu/share/ament_index
creating /home/matti/runner_ws/install/runner_imu/share/ament_index/resource_index
creating /home/matti/runner_ws/install/runner_imu/share/ament_index/resource_index/packages
symbolically linking /home/matti/runner_ws/build/runner_imu/resource/runner_imu -> /home/matti/runner_ws/install/runner_imu/share/ament_index/resource_index/packages
symbolically linking /home/matti/runner_ws/build/runner_imu/package.xml -> /home/matti/runner_ws/install/runner_imu/share/runner_imu
