[1.096s] Invoking command in '/home/matti/runner_ws/build/runner_imu': PYTHONPATH=/home/matti/runner_ws/build/runner_imu/prefix_override:/usr/lib/python3/dist-packages/colcon_core/task/python/colcon_distutils_commands:/home/matti/runner_ws/install/runner_imu/lib/python3.12/site-packages:${PYTHONPATH} /usr/bin/python3 -W ignore:setup.py install is deprecated -W ignore:easy_install command is deprecated setup.py develop --editable --build-directory /home/matti/runner_ws/build/runner_imu/build --no-deps symlink_data
[1.486s] running develop
[1.704s] running egg_info
[1.704s] creating runner_imu.egg-info
[1.725s] writing runner_imu.egg-info/PKG-INFO
[1.725s] writing dependency_links to runner_imu.egg-info/dependency_links.txt
[1.726s] writing entry points to runner_imu.egg-info/entry_points.txt
[1.726s] writing requirements to runner_imu.egg-info/requires.txt
[1.726s] writing top-level names to runner_imu.egg-info/top_level.txt
[1.726s] writing manifest file 'runner_imu.egg-info/SOURCES.txt'
[1.769s] reading manifest file 'runner_imu.egg-info/SOURCES.txt'
[1.770s] writing manifest file 'runner_imu.egg-info/SOURCES.txt'
[1.794s] running build_ext
[1.800s] Creating /home/matti/runner_ws/install/runner_imu/lib/python3.12/site-packages/runner-imu.egg-link (link to .)
[1.801s] Installing bno085_node script to /home/matti/runner_ws/install/runner_imu/lib/runner_imu
[1.801s] 
[1.801s] Installed /home/matti/runner_ws/build/runner_imu
[1.801s] running symlink_data
[1.802s] creating /home/matti/runner_ws/install/runner_imu/share/ament_index
[1.802s] creating /home/matti/runner_ws/install/runner_imu/share/ament_index/resource_index
[1.802s] creating /home/matti/runner_ws/install/runner_imu/share/ament_index/resource_index/packages
[1.802s] symbolically linking /home/matti/runner_ws/build/runner_imu/resource/runner_imu -> /home/matti/runner_ws/install/runner_imu/share/ament_index/resource_index/packages
[1.802s] symbolically linking /home/matti/runner_ws/build/runner_imu/package.xml -> /home/matti/runner_ws/install/runner_imu/share/runner_imu
[1.895s] Invoked command in '/home/matti/runner_ws/build/runner_imu' returned '0': PYTHONPATH=/home/matti/runner_ws/build/runner_imu/prefix_override:/usr/lib/python3/dist-packages/colcon_core/task/python/colcon_distutils_commands:/home/matti/runner_ws/install/runner_imu/lib/python3.12/site-packages:${PYTHONPATH} /usr/bin/python3 -W ignore:setup.py install is deprecated -W ignore:easy_install command is deprecated setup.py develop --editable --build-directory /home/matti/runner_ws/build/runner_imu/build --no-deps symlink_data
