[0.060s] Invoking command in '/home/matti/runner_ws/build/ldlidar_stl_ros2': CMAKE_PREFIX_PATH=${CMAKE_PREFIX_PATH}:/home/matti/runner_ws/install/runner_bringup:/home/matti/runner_ws/install/runner_teleop:/home/matti/runner_ws/install/runner_motor:/home/matti/runner_ws/install/runner_imu:/opt/ros/jazzy /usr/bin/cmake --build /home/matti/runner_ws/build/ldlidar_stl_ros2 -- -j4 -l4
[0.174s] [100%] Built target ldlidar_stl_ros2_node
[0.194s] Invoked command in '/home/matti/runner_ws/build/ldlidar_stl_ros2' returned '0': CMAKE_PREFIX_PATH=${CMAKE_PREFIX_PATH}:/home/matti/runner_ws/install/runner_bringup:/home/matti/runner_ws/install/runner_teleop:/home/matti/runner_ws/install/runner_motor:/home/matti/runner_ws/install/runner_imu:/opt/ros/jazzy /usr/bin/cmake --build /home/matti/runner_ws/build/ldlidar_stl_ros2 -- -j4 -l4
[0.211s] Invoking command in '/home/matti/runner_ws/build/ldlidar_stl_ros2': CMAKE_PREFIX_PATH=${CMAKE_PREFIX_PATH}:/home/matti/runner_ws/install/runner_bringup:/home/matti/runner_ws/install/runner_teleop:/home/matti/runner_ws/install/runner_motor:/home/matti/runner_ws/install/runner_imu:/opt/ros/jazzy /usr/bin/cmake --install /home/matti/runner_ws/build/ldlidar_stl_ros2
[0.224s] -- Install configuration: ""
[0.225s] -- Up-to-date: /home/matti/runner_ws/install/ldlidar_stl_ros2/lib/ldlidar_stl_ros2/ldlidar_stl_ros2_node
[0.225s] -- Up-to-date: /home/matti/runner_ws/install/ldlidar_stl_ros2/share/ldlidar_stl_ros2//launch
[0.225s] -- Up-to-date: /home/matti/runner_ws/install/ldlidar_stl_ros2/share/ldlidar_stl_ros2//launch/ld06.launch.py
[0.225s] -- Installing: /home/matti/runner_ws/install/ldlidar_stl_ros2/share/ldlidar_stl_ros2//launch/ld19.launch.py
[0.226s] -- Up-to-date: /home/matti/runner_ws/install/ldlidar_stl_ros2/share/ldlidar_stl_ros2//launch/viewer_ld06.launch.py
[0.226s] -- Up-to-date: /home/matti/runner_ws/install/ldlidar_stl_ros2/share/ldlidar_stl_ros2//launch/viewer_stl27l.launch.py
[0.226s] -- Up-to-date: /home/matti/runner_ws/install/ldlidar_stl_ros2/share/ldlidar_stl_ros2//launch/stl27l.launch.py
[0.226s] -- Up-to-date: /home/matti/runner_ws/install/ldlidar_stl_ros2/share/ldlidar_stl_ros2//launch/viewer_ld19.launch.py
[0.226s] -- Up-to-date: /home/matti/runner_ws/install/ldlidar_stl_ros2/share/ldlidar_stl_ros2//rviz2
[0.227s] -- Up-to-date: /home/matti/runner_ws/install/ldlidar_stl_ros2/share/ldlidar_stl_ros2//rviz2/ldlidar.rviz
[0.227s] -- Up-to-date: /home/matti/runner_ws/install/ldlidar_stl_ros2/share/ament_index/resource_index/package_run_dependencies/ldlidar_stl_ros2
[0.227s] -- Up-to-date: /home/matti/runner_ws/install/ldlidar_stl_ros2/share/ament_index/resource_index/parent_prefix_path/ldlidar_stl_ros2
[0.227s] -- Up-to-date: /home/matti/runner_ws/install/ldlidar_stl_ros2/share/ldlidar_stl_ros2/environment/ament_prefix_path.sh
[0.227s] -- Up-to-date: /home/matti/runner_ws/install/ldlidar_stl_ros2/share/ldlidar_stl_ros2/environment/ament_prefix_path.dsv
[0.227s] -- Up-to-date: /home/matti/runner_ws/install/ldlidar_stl_ros2/share/ldlidar_stl_ros2/environment/path.sh
[0.227s] -- Up-to-date: /home/matti/runner_ws/install/ldlidar_stl_ros2/share/ldlidar_stl_ros2/environment/path.dsv
[0.227s] -- Up-to-date: /home/matti/runner_ws/install/ldlidar_stl_ros2/share/ldlidar_stl_ros2/local_setup.bash
[0.227s] -- Up-to-date: /home/matti/runner_ws/install/ldlidar_stl_ros2/share/ldlidar_stl_ros2/local_setup.sh
[0.228s] -- Up-to-date: /home/matti/runner_ws/install/ldlidar_stl_ros2/share/ldlidar_stl_ros2/local_setup.zsh
[0.228s] -- Up-to-date: /home/matti/runner_ws/install/ldlidar_stl_ros2/share/ldlidar_stl_ros2/local_setup.dsv
[0.228s] -- Installing: /home/matti/runner_ws/install/ldlidar_stl_ros2/share/ldlidar_stl_ros2/package.dsv
[0.228s] -- Up-to-date: /home/matti/runner_ws/install/ldlidar_stl_ros2/share/ament_index/resource_index/packages/ldlidar_stl_ros2
[0.228s] -- Up-to-date: /home/matti/runner_ws/install/ldlidar_stl_ros2/share/ldlidar_stl_ros2/cmake/ldlidar_stl_ros2Config.cmake
[0.228s] -- Up-to-date: /home/matti/runner_ws/install/ldlidar_stl_ros2/share/ldlidar_stl_ros2/cmake/ldlidar_stl_ros2Config-version.cmake
[0.228s] -- Up-to-date: /home/matti/runner_ws/install/ldlidar_stl_ros2/share/ldlidar_stl_ros2/package.xml
[0.231s] Invoked command in '/home/matti/runner_ws/build/ldlidar_stl_ros2' returned '0': CMAKE_PREFIX_PATH=${CMAKE_PREFIX_PATH}:/home/matti/runner_ws/install/runner_bringup:/home/matti/runner_ws/install/runner_teleop:/home/matti/runner_ws/install/runner_motor:/home/matti/runner_ws/install/runner_imu:/opt/ros/jazzy /usr/bin/cmake --install /home/matti/runner_ws/build/ldlidar_stl_ros2
