[0.350s] DEBUG:colcon:Command line arguments: ['/usr/bin/colcon', 'build', '--symlink-install', '--packages-select', 'runner_battery']
[0.350s] DEBUG:colcon:Parsed command line arguments: Namespace(log_base=None, log_level=None, verb_name='build', build_base='build', install_base='install', merge_install=False, symlink_install=True, test_result_base=None, continue_on_error=False, executor='parallel', parallel_workers=4, event_handlers=None, ignore_user_meta=False, metas=['./colcon.meta'], base_paths=['.'], packages_ignore=None, packages_ignore_regex=None, paths=None, packages_up_to=None, packages_up_to_regex=None, packages_above=None, packages_above_and_dependencies=None, packages_above_depth=None, packages_select_by_dep=None, packages_skip_by_dep=None, packages_skip_up_to=None, packages_select_build_failed=False, packages_skip_build_finished=False, packages_select_test_failures=False, packages_skip_test_passed=False, packages_select=['runner_battery'], packages_skip=None, packages_select_regex=None, packages_skip_regex=None, packages_start=None, packages_end=None, allow_overriding=[], cmake_args=None, cmake_target=None, cmake_target_skip_unavailable=False, cmake_clean_cache=False, cmake_clean_first=False, cmake_force_configure=False, ament_cmake_args=None, catkin_cmake_args=None, catkin_skip_building_tests=False, mixin_files=None, mixin=None, verb_parser=<colcon_mixin.mixin.mixin_argument.MixinArgumentDecorator object at 0xffff908792b0>, verb_extension=<colcon_core.verb.build.BuildVerb object at 0xffff90a3d850>, main=<bound method BuildVerb.main of <colcon_core.verb.build.BuildVerb object at 0xffff90a3d850>>, mixin_verb=('build',))
[0.496s] Level 1:colcon.colcon_core.package_discovery:discover_packages(colcon_meta) check parameters
[0.497s] Level 1:colcon.colcon_core.package_discovery:discover_packages(recursive) check parameters
[0.497s] Level 1:colcon.colcon_core.package_discovery:discover_packages(ignore) check parameters
[0.497s] Level 1:colcon.colcon_core.package_discovery:discover_packages(path) check parameters
[0.497s] Level 1:colcon.colcon_core.package_discovery:discover_packages(colcon_meta) discover
[0.497s] Level 1:colcon.colcon_core.package_discovery:discover_packages(recursive) discover
[0.497s] INFO:colcon.colcon_core.package_discovery:Crawling recursively for packages in '/home/matti/runner_ws'
[0.497s] Level 1:colcon.colcon_core.package_identification:_identify(.) by extensions ['ignore', 'ignore_ament_install']
[0.497s] Level 1:colcon.colcon_core.package_identification:_identify(.) by extension 'ignore'
[0.497s] Level 1:colcon.colcon_core.package_identification:_identify(.) by extension 'ignore_ament_install'
[0.498s] Level 1:colcon.colcon_core.package_identification:_identify(.) by extensions ['colcon_pkg']
[0.498s] Level 1:colcon.colcon_core.package_identification:_identify(.) by extension 'colcon_pkg'
[0.498s] Level 1:colcon.colcon_core.package_identification:_identify(.) by extensions ['colcon_meta']
[0.498s] Level 1:colcon.colcon_core.package_identification:_identify(.) by extension 'colcon_meta'
[0.498s] Level 1:colcon.colcon_core.package_identification:_identify(.) by extensions ['ros']
[0.498s] Level 1:colcon.colcon_core.package_identification:_identify(.) by extension 'ros'
[0.568s] Level 1:colcon.colcon_core.package_identification:_identify(.) by extensions ['cmake', 'python']
[0.568s] Level 1:colcon.colcon_core.package_identification:_identify(.) by extension 'cmake'
[0.568s] Level 1:colcon.colcon_core.package_identification:_identify(.) by extension 'python'
[0.568s] Level 1:colcon.colcon_core.package_identification:_identify(.) by extensions ['python_setup_py']
[0.568s] Level 1:colcon.colcon_core.package_identification:_identify(.) by extension 'python_setup_py'
[0.568s] Level 1:colcon.colcon_core.package_identification:_identify(build) by extensions ['ignore', 'ignore_ament_install']
[0.568s] Level 1:colcon.colcon_core.package_identification:_identify(build) by extension 'ignore'
[0.569s] Level 1:colcon.colcon_core.package_identification:_identify(build) ignored
[0.569s] Level 1:colcon.colcon_core.package_identification:_identify(install) by extensions ['ignore', 'ignore_ament_install']
[0.569s] Level 1:colcon.colcon_core.package_identification:_identify(install) by extension 'ignore'
[0.569s] Level 1:colcon.colcon_core.package_identification:_identify(install) ignored
[0.569s] Level 1:colcon.colcon_core.package_identification:_identify(log) by extensions ['ignore', 'ignore_ament_install']
[0.569s] Level 1:colcon.colcon_core.package_identification:_identify(log) by extension 'ignore'
[0.569s] Level 1:colcon.colcon_core.package_identification:_identify(log) ignored
[0.569s] Level 1:colcon.colcon_core.package_identification:_identify(src) by extensions ['ignore', 'ignore_ament_install']
[0.569s] Level 1:colcon.colcon_core.package_identification:_identify(src) by extension 'ignore'
[0.570s] Level 1:colcon.colcon_core.package_identification:_identify(src) by extension 'ignore_ament_install'
[0.570s] Level 1:colcon.colcon_core.package_identification:_identify(src) by extensions ['colcon_pkg']
[0.570s] Level 1:colcon.colcon_core.package_identification:_identify(src) by extension 'colcon_pkg'
[0.570s] Level 1:colcon.colcon_core.package_identification:_identify(src) by extensions ['colcon_meta']
[0.570s] Level 1:colcon.colcon_core.package_identification:_identify(src) by extension 'colcon_meta'
[0.570s] Level 1:colcon.colcon_core.package_identification:_identify(src) by extensions ['ros']
[0.570s] Level 1:colcon.colcon_core.package_identification:_identify(src) by extension 'ros'
[0.570s] Level 1:colcon.colcon_core.package_identification:_identify(src) by extensions ['cmake', 'python']
[0.570s] Level 1:colcon.colcon_core.package_identification:_identify(src) by extension 'cmake'
[0.570s] Level 1:colcon.colcon_core.package_identification:_identify(src) by extension 'python'
[0.570s] Level 1:colcon.colcon_core.package_identification:_identify(src) by extensions ['python_setup_py']
[0.570s] Level 1:colcon.colcon_core.package_identification:_identify(src) by extension 'python_setup_py'
[0.570s] Level 1:colcon.colcon_core.package_identification:_identify(src/ldlidar_stl_ros2) by extensions ['ignore', 'ignore_ament_install']
[0.570s] Level 1:colcon.colcon_core.package_identification:_identify(src/ldlidar_stl_ros2) by extension 'ignore'
[0.570s] Level 1:colcon.colcon_core.package_identification:_identify(src/ldlidar_stl_ros2) by extension 'ignore_ament_install'
[0.571s] Level 1:colcon.colcon_core.package_identification:_identify(src/ldlidar_stl_ros2) by extensions ['colcon_pkg']
[0.571s] Level 1:colcon.colcon_core.package_identification:_identify(src/ldlidar_stl_ros2) by extension 'colcon_pkg'
[0.571s] Level 1:colcon.colcon_core.package_identification:_identify(src/ldlidar_stl_ros2) by extensions ['colcon_meta']
[0.571s] Level 1:colcon.colcon_core.package_identification:_identify(src/ldlidar_stl_ros2) by extension 'colcon_meta'
[0.571s] Level 1:colcon.colcon_core.package_identification:_identify(src/ldlidar_stl_ros2) by extensions ['ros']
[0.571s] Level 1:colcon.colcon_core.package_identification:_identify(src/ldlidar_stl_ros2) by extension 'ros'
[0.582s] DEBUG:colcon.colcon_core.package_identification:Package 'src/ldlidar_stl_ros2' with type 'ros.ament_cmake' and name 'ldlidar_stl_ros2'
[0.582s] Level 1:colcon.colcon_core.package_identification:_identify(src/runner_battery) by extensions ['ignore', 'ignore_ament_install']
[0.582s] Level 1:colcon.colcon_core.package_identification:_identify(src/runner_battery) by extension 'ignore'
[0.582s] Level 1:colcon.colcon_core.package_identification:_identify(src/runner_battery) by extension 'ignore_ament_install'
[0.583s] Level 1:colcon.colcon_core.package_identification:_identify(src/runner_battery) by extensions ['colcon_pkg']
[0.583s] Level 1:colcon.colcon_core.package_identification:_identify(src/runner_battery) by extension 'colcon_pkg'
[0.583s] Level 1:colcon.colcon_core.package_identification:_identify(src/runner_battery) by extensions ['colcon_meta']
[0.583s] Level 1:colcon.colcon_core.package_identification:_identify(src/runner_battery) by extension 'colcon_meta'
[0.583s] Level 1:colcon.colcon_core.package_identification:_identify(src/runner_battery) by extensions ['ros']
[0.583s] Level 1:colcon.colcon_core.package_identification:_identify(src/runner_battery) by extension 'ros'
[0.584s] DEBUG:colcon.colcon_core.package_identification:Package 'src/runner_battery' with type 'ros.ament_python' and name 'runner_battery'
[0.584s] Level 1:colcon.colcon_core.package_identification:_identify(src/runner_bringup) by extensions ['ignore', 'ignore_ament_install']
[0.584s] Level 1:colcon.colcon_core.package_identification:_identify(src/runner_bringup) by extension 'ignore'
[0.584s] Level 1:colcon.colcon_core.package_identification:_identify(src/runner_bringup) by extension 'ignore_ament_install'
[0.584s] Level 1:colcon.colcon_core.package_identification:_identify(src/runner_bringup) by extensions ['colcon_pkg']
[0.584s] Level 1:colcon.colcon_core.package_identification:_identify(src/runner_bringup) by extension 'colcon_pkg'
[0.584s] Level 1:colcon.colcon_core.package_identification:_identify(src/runner_bringup) by extensions ['colcon_meta']
[0.584s] Level 1:colcon.colcon_core.package_identification:_identify(src/runner_bringup) by extension 'colcon_meta'
[0.584s] Level 1:colcon.colcon_core.package_identification:_identify(src/runner_bringup) by extensions ['ros']
[0.584s] Level 1:colcon.colcon_core.package_identification:_identify(src/runner_bringup) by extension 'ros'
[0.586s] DEBUG:colcon.colcon_core.package_identification:Package 'src/runner_bringup' with type 'ros.ament_python' and name 'runner_bringup'
[0.586s] Level 1:colcon.colcon_core.package_identification:_identify(src/runner_imu) by extensions ['ignore', 'ignore_ament_install']
[0.586s] Level 1:colcon.colcon_core.package_identification:_identify(src/runner_imu) by extension 'ignore'
[0.586s] Level 1:colcon.colcon_core.package_identification:_identify(src/runner_imu) by extension 'ignore_ament_install'
[0.586s] Level 1:colcon.colcon_core.package_identification:_identify(src/runner_imu) by extensions ['colcon_pkg']
[0.586s] Level 1:colcon.colcon_core.package_identification:_identify(src/runner_imu) by extension 'colcon_pkg'
[0.586s] Level 1:colcon.colcon_core.package_identification:_identify(src/runner_imu) by extensions ['colcon_meta']
[0.586s] Level 1:colcon.colcon_core.package_identification:_identify(src/runner_imu) by extension 'colcon_meta'
[0.586s] Level 1:colcon.colcon_core.package_identification:_identify(src/runner_imu) by extensions ['ros']
[0.586s] Level 1:colcon.colcon_core.package_identification:_identify(src/runner_imu) by extension 'ros'
[0.587s] DEBUG:colcon.colcon_core.package_identification:Package 'src/runner_imu' with type 'ros.ament_python' and name 'runner_imu'
[0.587s] Level 1:colcon.colcon_core.package_identification:_identify(src/runner_imu_backup) by extensions ['ignore', 'ignore_ament_install']
[0.588s] Level 1:colcon.colcon_core.package_identification:_identify(src/runner_imu_backup) by extension 'ignore'
[0.588s] Level 1:colcon.colcon_core.package_identification:_identify(src/runner_imu_backup) by extension 'ignore_ament_install'
[0.588s] Level 1:colcon.colcon_core.package_identification:_identify(src/runner_imu_backup) by extensions ['colcon_pkg']
[0.588s] Level 1:colcon.colcon_core.package_identification:_identify(src/runner_imu_backup) by extension 'colcon_pkg'
[0.588s] Level 1:colcon.colcon_core.package_identification:_identify(src/runner_imu_backup) by extensions ['colcon_meta']
[0.588s] Level 1:colcon.colcon_core.package_identification:_identify(src/runner_imu_backup) by extension 'colcon_meta'
[0.588s] Level 1:colcon.colcon_core.package_identification:_identify(src/runner_imu_backup) by extensions ['ros']
[0.588s] Level 1:colcon.colcon_core.package_identification:_identify(src/runner_imu_backup) by extension 'ros'
[0.589s] Level 1:colcon.colcon_core.package_identification:_identify(src/runner_imu_backup) by extensions ['cmake', 'python']
[0.589s] Level 1:colcon.colcon_core.package_identification:_identify(src/runner_imu_backup) by extension 'cmake'
[0.589s] Level 1:colcon.colcon_core.package_identification:_identify(src/runner_imu_backup) by extension 'python'
[0.589s] Level 1:colcon.colcon_core.package_identification:_identify(src/runner_imu_backup) by extensions ['python_setup_py']
[0.589s] Level 1:colcon.colcon_core.package_identification:_identify(src/runner_imu_backup) by extension 'python_setup_py'
[0.589s] Level 1:colcon.colcon_core.package_identification:_identify(src/runner_imu_backup/runner_imu) by extensions ['ignore', 'ignore_ament_install']
[0.589s] Level 1:colcon.colcon_core.package_identification:_identify(src/runner_imu_backup/runner_imu) by extension 'ignore'
[0.589s] Level 1:colcon.colcon_core.package_identification:_identify(src/runner_imu_backup/runner_imu) by extension 'ignore_ament_install'
[0.590s] Level 1:colcon.colcon_core.package_identification:_identify(src/runner_imu_backup/runner_imu) by extensions ['colcon_pkg']
[0.590s] Level 1:colcon.colcon_core.package_identification:_identify(src/runner_imu_backup/runner_imu) by extension 'colcon_pkg'
[0.590s] Level 1:colcon.colcon_core.package_identification:_identify(src/runner_imu_backup/runner_imu) by extensions ['colcon_meta']
[0.590s] Level 1:colcon.colcon_core.package_identification:_identify(src/runner_imu_backup/runner_imu) by extension 'colcon_meta'
[0.590s] Level 1:colcon.colcon_core.package_identification:_identify(src/runner_imu_backup/runner_imu) by extensions ['ros']
[0.590s] Level 1:colcon.colcon_core.package_identification:_identify(src/runner_imu_backup/runner_imu) by extension 'ros'
[0.590s] Level 1:colcon.colcon_core.package_identification:_identify(src/runner_imu_backup/runner_imu) by extensions ['cmake', 'python']
[0.590s] Level 1:colcon.colcon_core.package_identification:_identify(src/runner_imu_backup/runner_imu) by extension 'cmake'
[0.590s] Level 1:colcon.colcon_core.package_identification:_identify(src/runner_imu_backup/runner_imu) by extension 'python'
[0.590s] Level 1:colcon.colcon_core.package_identification:_identify(src/runner_imu_backup/runner_imu) by extensions ['python_setup_py']
[0.590s] Level 1:colcon.colcon_core.package_identification:_identify(src/runner_imu_backup/runner_imu) by extension 'python_setup_py'
[0.590s] Level 1:colcon.colcon_core.package_identification:_identify(src/runner_motor) by extensions ['ignore', 'ignore_ament_install']
[0.591s] Level 1:colcon.colcon_core.package_identification:_identify(src/runner_motor) by extension 'ignore'
[0.591s] Level 1:colcon.colcon_core.package_identification:_identify(src/runner_motor) by extension 'ignore_ament_install'
[0.591s] Level 1:colcon.colcon_core.package_identification:_identify(src/runner_motor) by extensions ['colcon_pkg']
[0.591s] Level 1:colcon.colcon_core.package_identification:_identify(src/runner_motor) by extension 'colcon_pkg'
[0.591s] Level 1:colcon.colcon_core.package_identification:_identify(src/runner_motor) by extensions ['colcon_meta']
[0.591s] Level 1:colcon.colcon_core.package_identification:_identify(src/runner_motor) by extension 'colcon_meta'
[0.591s] Level 1:colcon.colcon_core.package_identification:_identify(src/runner_motor) by extensions ['ros']
[0.591s] Level 1:colcon.colcon_core.package_identification:_identify(src/runner_motor) by extension 'ros'
[0.598s] DEBUG:colcon.colcon_core.package_identification:Package 'src/runner_motor' with type 'ros.ament_python' and name 'runner_motor'
[0.598s] Level 1:colcon.colcon_core.package_identification:_identify(src/runner_teleop) by extensions ['ignore', 'ignore_ament_install']
[0.598s] Level 1:colcon.colcon_core.package_identification:_identify(src/runner_teleop) by extension 'ignore'
[0.598s] Level 1:colcon.colcon_core.package_identification:_identify(src/runner_teleop) by extension 'ignore_ament_install'
[0.598s] Level 1:colcon.colcon_core.package_identification:_identify(src/runner_teleop) by extensions ['colcon_pkg']
[0.598s] Level 1:colcon.colcon_core.package_identification:_identify(src/runner_teleop) by extension 'colcon_pkg'
[0.598s] Level 1:colcon.colcon_core.package_identification:_identify(src/runner_teleop) by extensions ['colcon_meta']
[0.598s] Level 1:colcon.colcon_core.package_identification:_identify(src/runner_teleop) by extension 'colcon_meta'
[0.599s] Level 1:colcon.colcon_core.package_identification:_identify(src/runner_teleop) by extensions ['ros']
[0.599s] Level 1:colcon.colcon_core.package_identification:_identify(src/runner_teleop) by extension 'ros'
[0.600s] DEBUG:colcon.colcon_core.package_identification:Package 'src/runner_teleop' with type 'ros.ament_python' and name 'runner_teleop'
[0.600s] Level 1:colcon.colcon_core.package_discovery:discover_packages(recursive) using defaults
[0.600s] Level 1:colcon.colcon_core.package_discovery:discover_packages(ignore) discover
[0.600s] Level 1:colcon.colcon_core.package_discovery:discover_packages(ignore) using defaults
[0.600s] Level 1:colcon.colcon_core.package_discovery:discover_packages(path) discover
[0.600s] Level 1:colcon.colcon_core.package_discovery:discover_packages(path) using defaults
[0.654s] INFO:colcon.colcon_core.package_selection:Skipping not selected package 'ldlidar_stl_ros2' in 'src/ldlidar_stl_ros2'
[0.654s] INFO:colcon.colcon_core.package_selection:Skipping not selected package 'runner_imu' in 'src/runner_imu'
[0.654s] INFO:colcon.colcon_core.package_selection:Skipping not selected package 'runner_motor' in 'src/runner_motor'
[0.654s] INFO:colcon.colcon_core.package_selection:Skipping not selected package 'runner_teleop' in 'src/runner_teleop'
[0.654s] INFO:colcon.colcon_core.package_selection:Skipping not selected package 'runner_bringup' in 'src/runner_bringup'
[0.655s] Level 1:colcon.colcon_core.package_discovery:discover_packages(prefix_path) check parameters
[0.655s] Level 1:colcon.colcon_core.package_discovery:discover_packages(prefix_path) discover
[0.662s] DEBUG:colcon.colcon_installed_package_information.package_discovery:Found 5 installed packages in /home/matti/runner_ws/install
[0.664s] DEBUG:colcon.colcon_installed_package_information.package_discovery:Found 200 installed packages in /opt/ros/jazzy
[0.665s] Level 1:colcon.colcon_core.package_discovery:discover_packages(prefix_path) using defaults
[0.721s] Level 5:colcon.colcon_core.verb:set package 'runner_battery' build argument 'cmake_args' from command line to 'None'
[0.722s] Level 5:colcon.colcon_core.verb:set package 'runner_battery' build argument 'cmake_target' from command line to 'None'
[0.722s] Level 5:colcon.colcon_core.verb:set package 'runner_battery' build argument 'cmake_target_skip_unavailable' from command line to 'False'
[0.722s] Level 5:colcon.colcon_core.verb:set package 'runner_battery' build argument 'cmake_clean_cache' from command line to 'False'
[0.722s] Level 5:colcon.colcon_core.verb:set package 'runner_battery' build argument 'cmake_clean_first' from command line to 'False'
[0.722s] Level 5:colcon.colcon_core.verb:set package 'runner_battery' build argument 'cmake_force_configure' from command line to 'False'
[0.722s] Level 5:colcon.colcon_core.verb:set package 'runner_battery' build argument 'ament_cmake_args' from command line to 'None'
[0.722s] Level 5:colcon.colcon_core.verb:set package 'runner_battery' build argument 'catkin_cmake_args' from command line to 'None'
[0.722s] Level 5:colcon.colcon_core.verb:set package 'runner_battery' build argument 'catkin_skip_building_tests' from command line to 'False'
[0.722s] DEBUG:colcon.colcon_core.verb:Building package 'runner_battery' with the following arguments: {'ament_cmake_args': None, 'build_base': '/home/matti/runner_ws/build/runner_battery', 'catkin_cmake_args': None, 'catkin_skip_building_tests': False, 'cmake_args': None, 'cmake_clean_cache': False, 'cmake_clean_first': False, 'cmake_force_configure': False, 'cmake_target': None, 'cmake_target_skip_unavailable': False, 'install_base': '/home/matti/runner_ws/install/runner_battery', 'merge_install': False, 'path': '/home/matti/runner_ws/src/runner_battery', 'symlink_install': True, 'test_result_base': None}
[0.722s] INFO:colcon.colcon_core.executor:Executing jobs using 'parallel' executor
[0.723s] DEBUG:colcon.colcon_parallel_executor.executor.parallel:run_until_complete
[0.724s] INFO:colcon.colcon_ros.task.ament_python.build:Building ROS package in '/home/matti/runner_ws/src/runner_battery' with build type 'ament_python'
[0.724s] Level 1:colcon.colcon_core.shell:create_environment_hook('runner_battery', 'ament_prefix_path')
[0.739s] INFO:colcon.colcon_core.plugin_system:Skipping extension 'colcon_core.shell.bat': Not used on non-Windows systems
[0.740s] INFO:colcon.colcon_core.shell:Creating environment hook '/home/matti/runner_ws/install/runner_battery/share/runner_battery/hook/ament_prefix_path.ps1'
[0.742s] INFO:colcon.colcon_core.shell:Creating environment descriptor '/home/matti/runner_ws/install/runner_battery/share/runner_battery/hook/ament_prefix_path.dsv'
[0.743s] INFO:colcon.colcon_core.shell:Creating environment hook '/home/matti/runner_ws/install/runner_battery/share/runner_battery/hook/ament_prefix_path.sh'
[0.744s] INFO:colcon.colcon_core.shell:Skip shell extension 'powershell' for command environment: Not usable outside of PowerShell
[0.744s] DEBUG:colcon.colcon_core.shell:Skip shell extension 'dsv' for command environment
[1.145s] INFO:colcon.colcon_core.task.python.build:Building Python package in '/home/matti/runner_ws/src/runner_battery'
[1.146s] INFO:colcon.colcon_core.shell:Skip shell extension 'powershell' for command environment: Not usable outside of PowerShell
[1.146s] DEBUG:colcon.colcon_core.shell:Skip shell extension 'dsv' for command environment
[2.532s] DEBUG:colcon.colcon_core.event_handler.log_command:Invoking command in '/home/matti/runner_ws/build/runner_battery': PYTHONPATH=/home/matti/runner_ws/build/runner_battery/prefix_override:/usr/lib/python3/dist-packages/colcon_core/task/python/colcon_distutils_commands:/home/matti/runner_ws/install/runner_battery/lib/python3.12/site-packages:${PYTHONPATH} /usr/bin/python3 -W ignore:setup.py install is deprecated -W ignore:easy_install command is deprecated setup.py develop --editable --build-directory /home/matti/runner_ws/build/runner_battery/build --no-deps symlink_data
[3.484s] Level 1:colcon.colcon_core.shell:create_environment_hook('runner_battery', 'pythonpath_develop')
[3.485s] INFO:colcon.colcon_core.shell:Creating environment hook '/home/matti/runner_ws/build/runner_battery/share/runner_battery/hook/pythonpath_develop.ps1'
[3.485s] DEBUG:colcon.colcon_core.event_handler.log_command:Invoked command in '/home/matti/runner_ws/build/runner_battery' returned '0': PYTHONPATH=/home/matti/runner_ws/build/runner_battery/prefix_override:/usr/lib/python3/dist-packages/colcon_core/task/python/colcon_distutils_commands:/home/matti/runner_ws/install/runner_battery/lib/python3.12/site-packages:${PYTHONPATH} /usr/bin/python3 -W ignore:setup.py install is deprecated -W ignore:easy_install command is deprecated setup.py develop --editable --build-directory /home/matti/runner_ws/build/runner_battery/build --no-deps symlink_data
[3.486s] INFO:colcon.colcon_core.shell:Creating environment descriptor '/home/matti/runner_ws/build/runner_battery/share/runner_battery/hook/pythonpath_develop.dsv'
[3.487s] INFO:colcon.colcon_core.shell:Creating environment hook '/home/matti/runner_ws/build/runner_battery/share/runner_battery/hook/pythonpath_develop.sh'
[3.505s] Level 1:colcon.colcon_core.environment:checking '/home/matti/runner_ws/install/runner_battery' for CMake module files
[3.506s] Level 1:colcon.colcon_core.environment:checking '/home/matti/runner_ws/install/runner_battery' for CMake config files
[3.507s] Level 1:colcon.colcon_core.environment:checking '/home/matti/runner_ws/install/runner_battery/lib'
[3.507s] Level 1:colcon.colcon_core.environment:checking '/home/matti/runner_ws/install/runner_battery/bin'
[3.507s] Level 1:colcon.colcon_core.environment:checking '/home/matti/runner_ws/install/runner_battery/lib/pkgconfig/runner_battery.pc'
[3.508s] Level 1:colcon.colcon_core.environment:checking '/home/matti/runner_ws/install/runner_battery/lib/python3.12/site-packages'
[3.508s] Level 1:colcon.colcon_core.shell:create_environment_hook('runner_battery', 'pythonpath')
[3.508s] INFO:colcon.colcon_core.shell:Creating environment hook '/home/matti/runner_ws/install/runner_battery/share/runner_battery/hook/pythonpath.ps1'
[3.509s] INFO:colcon.colcon_core.shell:Creating environment descriptor '/home/matti/runner_ws/install/runner_battery/share/runner_battery/hook/pythonpath.dsv'
[3.509s] INFO:colcon.colcon_core.shell:Creating environment hook '/home/matti/runner_ws/install/runner_battery/share/runner_battery/hook/pythonpath.sh'
[3.510s] Level 1:colcon.colcon_core.environment:checking '/home/matti/runner_ws/install/runner_battery/bin'
[3.511s] Level 1:colcon.colcon_core.environment:create_environment_scripts_only(runner_battery)
[3.511s] INFO:colcon.colcon_core.shell:Creating package script '/home/matti/runner_ws/install/runner_battery/share/runner_battery/package.ps1'
[3.513s] INFO:colcon.colcon_core.shell:Creating package descriptor '/home/matti/runner_ws/install/runner_battery/share/runner_battery/package.dsv'
[3.514s] INFO:colcon.colcon_core.shell:Creating package script '/home/matti/runner_ws/install/runner_battery/share/runner_battery/package.sh'
[3.515s] INFO:colcon.colcon_core.shell:Creating package script '/home/matti/runner_ws/install/runner_battery/share/runner_battery/package.bash'
[3.517s] INFO:colcon.colcon_core.shell:Creating package script '/home/matti/runner_ws/install/runner_battery/share/runner_battery/package.zsh'
[3.518s] Level 1:colcon.colcon_core.environment:create_file_with_runtime_dependencies(/home/matti/runner_ws/install/runner_battery/share/colcon-core/packages/runner_battery)
[3.518s] DEBUG:colcon.colcon_parallel_executor.executor.parallel:closing loop
[3.519s] DEBUG:colcon.colcon_parallel_executor.executor.parallel:loop closed
[3.519s] DEBUG:colcon.colcon_parallel_executor.executor.parallel:run_until_complete finished with '0'
[3.519s] DEBUG:colcon.colcon_core.event_reactor:joining thread
[3.520s] DEBUG:colcon.colcon_core.event_reactor:joined thread
[3.520s] INFO:colcon.colcon_core.shell:Creating prefix script '/home/matti/runner_ws/install/local_setup.ps1'
[3.522s] INFO:colcon.colcon_core.shell:Creating prefix util module '/home/matti/runner_ws/install/_local_setup_util_ps1.py'
[3.525s] INFO:colcon.colcon_core.shell:Creating prefix chain script '/home/matti/runner_ws/install/setup.ps1'
[3.529s] INFO:colcon.colcon_core.shell:Creating prefix script '/home/matti/runner_ws/install/local_setup.sh'
[3.531s] INFO:colcon.colcon_core.shell:Creating prefix util module '/home/matti/runner_ws/install/_local_setup_util_sh.py'
[3.532s] INFO:colcon.colcon_core.shell:Creating prefix chain script '/home/matti/runner_ws/install/setup.sh'
[3.538s] INFO:colcon.colcon_core.shell:Creating prefix script '/home/matti/runner_ws/install/local_setup.bash'
[3.541s] INFO:colcon.colcon_core.shell:Creating prefix chain script '/home/matti/runner_ws/install/setup.bash'
[3.543s] INFO:colcon.colcon_core.shell:Creating prefix script '/home/matti/runner_ws/install/local_setup.zsh'
[3.547s] INFO:colcon.colcon_core.shell:Creating prefix chain script '/home/matti/runner_ws/install/setup.zsh'
