[1.601s] Invoking command in '/home/matti/runner_ws/build/runner_teleop': PYTHONPATH=/home/matti/runner_ws/build/runner_teleop/prefix_override:/usr/lib/python3/dist-packages/colcon_core/task/python/colcon_distutils_commands:/home/matti/runner_ws/install/runner_teleop/lib/python3.12/site-packages:${PYTHONPATH} /usr/bin/python3 -W ignore:setup.py install is deprecated -W ignore:easy_install command is deprecated setup.py develop --editable --build-directory /home/matti/runner_ws/build/runner_teleop/build --no-deps symlink_data
[2.007s] running develop
[2.236s] running egg_info
[2.236s] creating runner_teleop.egg-info
[2.257s] writing runner_teleop.egg-info/PKG-INFO
[2.257s] writing dependency_links to runner_teleop.egg-info/dependency_links.txt
[2.257s] writing entry points to runner_teleop.egg-info/entry_points.txt
[2.257s] writing requirements to runner_teleop.egg-info/requires.txt
[2.257s] writing top-level names to runner_teleop.egg-info/top_level.txt
[2.258s] writing manifest file 'runner_teleop.egg-info/SOURCES.txt'
[2.301s] reading manifest file 'runner_teleop.egg-info/SOURCES.txt'
[2.302s] writing manifest file 'runner_teleop.egg-info/SOURCES.txt'
[2.326s] running build_ext
[2.336s] Creating /home/matti/runner_ws/install/runner_teleop/lib/python3.12/site-packages/runner-teleop.egg-link (link to .)
[2.337s] Installing teleop_node script to /home/matti/runner_ws/install/runner_teleop/lib/runner_teleop
[2.338s] 
[2.338s] Installed /home/matti/runner_ws/build/runner_teleop
[2.338s] running symlink_data
[2.338s] creating /home/matti/runner_ws/install/runner_teleop/share/ament_index
[2.338s] creating /home/matti/runner_ws/install/runner_teleop/share/ament_index/resource_index
[2.338s] creating /home/matti/runner_ws/install/runner_teleop/share/ament_index/resource_index/packages
[2.339s] symbolically linking /home/matti/runner_ws/build/runner_teleop/resource/runner_teleop -> /home/matti/runner_ws/install/runner_teleop/share/ament_index/resource_index/packages
[2.339s] symbolically linking /home/matti/runner_ws/build/runner_teleop/package.xml -> /home/matti/runner_ws/install/runner_teleop/share/runner_teleop
[2.433s] Invoked command in '/home/matti/runner_ws/build/runner_teleop' returned '0': PYTHONPATH=/home/matti/runner_ws/build/runner_teleop/prefix_override:/usr/lib/python3/dist-packages/colcon_core/task/python/colcon_distutils_commands:/home/matti/runner_ws/install/runner_teleop/lib/python3.12/site-packages:${PYTHONPATH} /usr/bin/python3 -W ignore:setup.py install is deprecated -W ignore:easy_install command is deprecated setup.py develop --editable --build-directory /home/matti/runner_ws/build/runner_teleop/build --no-deps symlink_data
