running develop
running egg_info
creating runner_battery.egg-info
writing runner_battery.egg-info/PKG-INFO
writing dependency_links to runner_battery.egg-info/dependency_links.txt
writing entry points to runner_battery.egg-info/entry_points.txt
writing requirements to runner_battery.egg-info/requires.txt
writing top-level names to runner_battery.egg-info/top_level.txt
writing manifest file 'runner_battery.egg-info/SOURCES.txt'
reading manifest file 'runner_battery.egg-info/SOURCES.txt'
writing manifest file 'runner_battery.egg-info/SOURCES.txt'
running build_ext
Creating /home/matti/runner_ws/install/runner_battery/lib/python3.12/site-packages/runner-battery.egg-link (link to .)
Installing battery_node script to /home/matti/runner_ws/install/runner_battery/lib/runner_battery

Installed /home/matti/runner_ws/build/runner_battery
running symlink_data
creating /home/matti/runner_ws/install/runner_battery/share/ament_index
creating /home/matti/runner_ws/install/runner_battery/share/ament_index/resource_index
creating /home/matti/runner_ws/install/runner_battery/share/ament_index/resource_index/packages
symbolically linking /home/matti/runner_ws/build/runner_battery/resource/runner_battery -> /home/matti/runner_ws/install/runner_battery/share/ament_index/resource_index/packages
symbolically linking /home/matti/runner_ws/build/runner_battery/package.xml -> /home/matti/runner_ws/install/runner_battery/share/runner_battery
