[0.013s] Invoking command in '/home/matti/runner_ws/build/ldlidar_stl_ros2': CMAKE_PREFIX_PATH=/home/matti/runner_ws/install/runner_bringup:/home/matti/runner_ws/install/runner_teleop:/home/matti/runner_ws/install/runner_motor:/home/matti/runner_ws/install/runner_imu:/opt/ros/jazzy /usr/bin/cmake /home/matti/runner_ws/src/ldlidar_stl_ros2 -DCMAKE_INSTALL_PREFIX=/home/matti/runner_ws/install/ldlidar_stl_ros2
[0.113s] -- The C compiler identification is GNU 13.3.0
[0.212s] -- The CXX compiler identification is GNU 13.3.0
[0.239s] -- Detecting C compiler ABI info
[0.395s] -- Detecting C compiler ABI info - done
[0.411s] -- Check for working C compiler: /usr/bin/cc - skipped
[0.411s] -- Detecting C compile features
[0.412s] -- Detecting C compile features - done
[0.426s] -- Detecting CXX compiler ABI info
[0.611s] -- Detecting CXX compiler ABI info - done
[0.628s] -- Check for working CXX compiler: /usr/bin/c++ - skipped
[0.628s] -- Detecting CXX compile features
[0.629s] -- Detecting CXX compile features - done
[0.633s] -- Found ament_cmake: 2.5.6 (/opt/ros/jazzy/share/ament_cmake/cmake)
[0.889s] -- Found Python3: /usr/bin/python3 (found version "3.12.3") found components: Interpreter 
[1.049s] -- Found rclcpp: 28.1.21 (/opt/ros/jazzy/share/rclcpp/cmake)
[1.094s] -- Found rosidl_generator_c: 4.6.9 (/opt/ros/jazzy/share/rosidl_generator_c/cmake)
[1.113s] -- Found rosidl_generator_cpp: 4.6.9 (/opt/ros/jazzy/share/rosidl_generator_cpp/cmake)
[1.133s] -- Using all available rosidl_typesupport_c: rosidl_typesupport_fastrtps_c;rosidl_typesupport_introspection_c
[1.158s] -- Using all available rosidl_typesupport_cpp: rosidl_typesupport_fastrtps_cpp;rosidl_typesupport_introspection_cpp
[1.256s] -- Found rmw_implementation_cmake: 7.3.3 (/opt/ros/jazzy/share/rmw_implementation_cmake/cmake)
[1.260s] -- Found rmw_fastrtps_cpp: 8.4.4 (/opt/ros/jazzy/share/rmw_fastrtps_cpp/cmake)
[1.388s] -- Found OpenSSL: /usr/lib/aarch64-linux-gnu/libcrypto.so (found version "3.0.13")  
[1.411s] -- Found FastRTPS: /opt/ros/jazzy/include (Required is at least version "2.13") 
[1.446s] -- Using RMW implementation 'rmw_fastrtps_cpp' as default
[1.546s] -- Found sensor_msgs: 5.3.8 (/opt/ros/jazzy/share/sensor_msgs/cmake)
[1.624s] -- Found ament_lint_auto: 0.17.5 (/opt/ros/jazzy/share/ament_lint_auto/cmake)
[1.803s] -- Added test 'copyright' to check source files copyright and LICENSE
[1.810s] -- Added test 'cppcheck' to perform static code analysis on C / C++ code
[1.811s] -- Configured cppcheck include dirs: /home/matti/runner_ws/src/ldlidar_stl_ros2/include;/home/matti/runner_ws/src/ldlidar_stl_ros2/ldlidar_driver/include/core;/home/matti/runner_ws/src/ldlidar_stl_ros2/ldlidar_driver/include/dataprocess;/home/matti/runner_ws/src/ldlidar_stl_ros2/ldlidar_driver/include/filter;/home/matti/runner_ws/src/ldlidar_stl_ros2/ldlidar_driver/include/logger;/home/matti/runner_ws/src/ldlidar_stl_ros2/ldlidar_driver/include/networkcom;/home/matti/runner_ws/src/ldlidar_stl_ros2/ldlidar_driver/include/serialcom
[1.811s] -- Configured cppcheck exclude dirs and/or files: 
[1.818s] -- Added test 'cpplint' to check C / C++ code against the Google style
[1.818s] -- Configured cpplint exclude dirs and/or files: 
[1.819s] -- Added test 'flake8' to check Python code syntax and style conventions
[1.819s] -- Configured 'flake8' exclude dirs and/or files: 
[1.821s] -- Added test 'lint_cmake' to check CMake code style
[1.823s] -- Added test 'pep257' to check Python code against some of the docstring style conventions in PEP 257
[1.830s] -- Added test 'uncrustify' to check C / C++ code style
[1.830s] -- Configured uncrustify additional arguments: 
[1.831s] -- Added test 'xmllint' to check XML markup files
[1.833s] -- Configuring done (1.8s)
[1.852s] -- Generating done (0.0s)
[1.858s] -- Build files have been written to: /home/matti/runner_ws/build/ldlidar_stl_ros2
[1.877s] Invoked command in '/home/matti/runner_ws/build/ldlidar_stl_ros2' returned '0': CMAKE_PREFIX_PATH=/home/matti/runner_ws/install/runner_bringup:/home/matti/runner_ws/install/runner_teleop:/home/matti/runner_ws/install/runner_motor:/home/matti/runner_ws/install/runner_imu:/opt/ros/jazzy /usr/bin/cmake /home/matti/runner_ws/src/ldlidar_stl_ros2 -DCMAKE_INSTALL_PREFIX=/home/matti/runner_ws/install/ldlidar_stl_ros2
[1.879s] Invoking command in '/home/matti/runner_ws/build/ldlidar_stl_ros2': CMAKE_PREFIX_PATH=/home/matti/runner_ws/install/runner_bringup:/home/matti/runner_ws/install/runner_teleop:/home/matti/runner_ws/install/runner_motor:/home/matti/runner_ws/install/runner_imu:/opt/ros/jazzy /usr/bin/cmake --build /home/matti/runner_ws/build/ldlidar_stl_ros2 -- -j4 -l4
[1.970s] [ 50%] [32mBuilding CXX object CMakeFiles/ldlidar_stl_ros2_node.dir/ldlidar_driver/src/filter/tofbf.cpp.o[0m
[1.970s] [ 50%] [32mBuilding CXX object CMakeFiles/ldlidar_stl_ros2_node.dir/src/demo.cpp.o[0m
[1.970s] [ 50%] [32mBuilding CXX object CMakeFiles/ldlidar_stl_ros2_node.dir/ldlidar_driver/src/dataprocess/lipkg.cpp.o[0m
[1.970s] [ 50%] [32mBuilding CXX object CMakeFiles/ldlidar_stl_ros2_node.dir/ldlidar_driver/src/core/ldlidar_driver.cpp.o[0m
[3.729s] [ 62%] [32mBuilding CXX object CMakeFiles/ldlidar_stl_ros2_node.dir/ldlidar_driver/src/logger/log_module.cpp.o[0m
[3.861s] [ 75%] [32mBuilding CXX object CMakeFiles/ldlidar_stl_ros2_node.dir/ldlidar_driver/src/networkcom/network_socket_interface_linux.cpp.o[0m
[4.270s] [ 87%] [32mBuilding CXX object CMakeFiles/ldlidar_stl_ros2_node.dir/ldlidar_driver/src/serialcom/serial_interface_linux.cpp.o[0m
[10.490s] [100%] [32m[1mLinking CXX executable ldlidar_stl_ros2_node[0m
[11.139s] [100%] Built target ldlidar_stl_ros2_node
[11.162s] Invoked command in '/home/matti/runner_ws/build/ldlidar_stl_ros2' returned '0': CMAKE_PREFIX_PATH=/home/matti/runner_ws/install/runner_bringup:/home/matti/runner_ws/install/runner_teleop:/home/matti/runner_ws/install/runner_motor:/home/matti/runner_ws/install/runner_imu:/opt/ros/jazzy /usr/bin/cmake --build /home/matti/runner_ws/build/ldlidar_stl_ros2 -- -j4 -l4
[11.180s] Invoking command in '/home/matti/runner_ws/build/ldlidar_stl_ros2': CMAKE_PREFIX_PATH=/home/matti/runner_ws/install/runner_bringup:/home/matti/runner_ws/install/runner_teleop:/home/matti/runner_ws/install/runner_motor:/home/matti/runner_ws/install/runner_imu:/opt/ros/jazzy /usr/bin/cmake --install /home/matti/runner_ws/build/ldlidar_stl_ros2
[11.193s] -- Install configuration: ""
[11.194s] -- Installing: /home/matti/runner_ws/install/ldlidar_stl_ros2/lib/ldlidar_stl_ros2/ldlidar_stl_ros2_node
[11.197s] -- Set non-toolchain portion of runtime path of "/home/matti/runner_ws/install/ldlidar_stl_ros2/lib/ldlidar_stl_ros2/ldlidar_stl_ros2_node" to ""
[11.197s] -- Installing: /home/matti/runner_ws/install/ldlidar_stl_ros2/share/ldlidar_stl_ros2//launch
[11.197s] -- Installing: /home/matti/runner_ws/install/ldlidar_stl_ros2/share/ldlidar_stl_ros2//launch/ld06.launch.py
[11.197s] -- Installing: /home/matti/runner_ws/install/ldlidar_stl_ros2/share/ldlidar_stl_ros2//launch/ld19.launch.py
[11.197s] -- Installing: /home/matti/runner_ws/install/ldlidar_stl_ros2/share/ldlidar_stl_ros2//launch/viewer_ld06.launch.py
[11.198s] -- Installing: /home/matti/runner_ws/install/ldlidar_stl_ros2/share/ldlidar_stl_ros2//launch/viewer_stl27l.launch.py
[11.198s] -- Installing: /home/matti/runner_ws/install/ldlidar_stl_ros2/share/ldlidar_stl_ros2//launch/stl27l.launch.py
[11.198s] -- Installing: /home/matti/runner_ws/install/ldlidar_stl_ros2/share/ldlidar_stl_ros2//launch/viewer_ld19.launch.py
[11.198s] -- Installing: /home/matti/runner_ws/install/ldlidar_stl_ros2/share/ldlidar_stl_ros2//rviz2
[11.198s] -- Installing: /home/matti/runner_ws/install/ldlidar_stl_ros2/share/ldlidar_stl_ros2//rviz2/ldlidar.rviz
[11.198s] -- Installing: /home/matti/runner_ws/install/ldlidar_stl_ros2/share/ament_index/resource_index/package_run_dependencies/ldlidar_stl_ros2
[11.198s] -- Installing: /home/matti/runner_ws/install/ldlidar_stl_ros2/share/ament_index/resource_index/parent_prefix_path/ldlidar_stl_ros2
[11.199s] -- Installing: /home/matti/runner_ws/install/ldlidar_stl_ros2/share/ldlidar_stl_ros2/environment/ament_prefix_path.sh
[11.199s] -- Installing: /home/matti/runner_ws/install/ldlidar_stl_ros2/share/ldlidar_stl_ros2/environment/ament_prefix_path.dsv
[11.199s] -- Installing: /home/matti/runner_ws/install/ldlidar_stl_ros2/share/ldlidar_stl_ros2/environment/path.sh
[11.199s] -- Installing: /home/matti/runner_ws/install/ldlidar_stl_ros2/share/ldlidar_stl_ros2/environment/path.dsv
[11.199s] -- Installing: /home/matti/runner_ws/install/ldlidar_stl_ros2/share/ldlidar_stl_ros2/local_setup.bash
[11.200s] -- Installing: /home/matti/runner_ws/install/ldlidar_stl_ros2/share/ldlidar_stl_ros2/local_setup.sh
[11.200s] -- Installing: /home/matti/runner_ws/install/ldlidar_stl_ros2/share/ldlidar_stl_ros2/local_setup.zsh
[11.200s] -- Installing: /home/matti/runner_ws/install/ldlidar_stl_ros2/share/ldlidar_stl_ros2/local_setup.dsv
[11.200s] -- Installing: /home/matti/runner_ws/install/ldlidar_stl_ros2/share/ldlidar_stl_ros2/package.dsv
[11.200s] -- Installing: /home/matti/runner_ws/install/ldlidar_stl_ros2/share/ament_index/resource_index/packages/ldlidar_stl_ros2
[11.200s] -- Installing: /home/matti/runner_ws/install/ldlidar_stl_ros2/share/ldlidar_stl_ros2/cmake/ldlidar_stl_ros2Config.cmake
[11.201s] -- Installing: /home/matti/runner_ws/install/ldlidar_stl_ros2/share/ldlidar_stl_ros2/cmake/ldlidar_stl_ros2Config-version.cmake
[11.201s] -- Installing: /home/matti/runner_ws/install/ldlidar_stl_ros2/share/ldlidar_stl_ros2/package.xml
[11.204s] Invoked command in '/home/matti/runner_ws/build/ldlidar_stl_ros2' returned '0': CMAKE_PREFIX_PATH=/home/matti/runner_ws/install/runner_bringup:/home/matti/runner_ws/install/runner_teleop:/home/matti/runner_ws/install/runner_motor:/home/matti/runner_ws/install/runner_imu:/opt/ros/jazzy /usr/bin/cmake --install /home/matti/runner_ws/build/ldlidar_stl_ros2
