[0.027s] Invoking command in '/home/matti/runner_ws/build/ldlidar_stl_ros2': CMAKE_PREFIX_PATH=/home/matti/runner_ws/install/runner_bringup:/home/matti/runner_ws/install/runner_teleop:/home/matti/runner_ws/install/runner_motor:/home/matti/runner_ws/install/runner_imu:/opt/ros/jazzy /usr/bin/cmake /home/matti/runner_ws/src/ldlidar_stl_ros2 -DCMAKE_INSTALL_PREFIX=/home/matti/runner_ws/install/ldlidar_stl_ros2
[0.622s] -- The C compiler identification is GNU 13.3.0
[0.997s] -- The CXX compiler identification is GNU 13.3.0
[1.048s] -- Detecting C compiler ABI info
[1.274s] -- Detecting C compiler ABI info - done
[1.290s] -- Check for working C compiler: /usr/bin/cc - skipped
[1.296s] -- Detecting C compile features
[1.297s] -- Detecting C compile features - done
[1.352s] -- Detecting CXX compiler ABI info
[1.542s] -- Detecting CXX compiler ABI info - done
[1.558s] -- Check for working CXX compiler: /usr/bin/c++ - skipped
[1.559s] -- Detecting CXX compile features
[1.559s] -- Detecting CXX compile features - done
[1.734s] -- Found ament_cmake: 2.5.6 (/opt/ros/jazzy/share/ament_cmake/cmake)
[1.976s] -- Found Python3: /usr/bin/python3 (found version "3.12.3") found components: Interpreter 
[2.207s] -- Found rclcpp: 28.1.21 (/opt/ros/jazzy/share/rclcpp/cmake)
[2.289s] -- Found rosidl_generator_c: 4.6.9 (/opt/ros/jazzy/share/rosidl_generator_c/cmake)
[2.315s] -- Found rosidl_generator_cpp: 4.6.9 (/opt/ros/jazzy/share/rosidl_generator_cpp/cmake)
[2.352s] -- Using all available rosidl_typesupport_c: rosidl_typesupport_fastrtps_c;rosidl_typesupport_introspection_c
[2.392s] -- Using all available rosidl_typesupport_cpp: rosidl_typesupport_fastrtps_cpp;rosidl_typesupport_introspection_cpp
[2.556s] -- Found rmw_implementation_cmake: 7.3.3 (/opt/ros/jazzy/share/rmw_implementation_cmake/cmake)
[2.563s] -- Found rmw_fastrtps_cpp: 8.4.4 (/opt/ros/jazzy/share/rmw_fastrtps_cpp/cmake)
[2.755s] -- Found OpenSSL: /usr/lib/aarch64-linux-gnu/libcrypto.so (found version "3.0.13")  
[2.790s] -- Found FastRTPS: /opt/ros/jazzy/include (Required is at least version "2.13") 
[2.826s] -- Using RMW implementation 'rmw_fastrtps_cpp' as default
[3.007s] -- Found sensor_msgs: 5.3.8 (/opt/ros/jazzy/share/sensor_msgs/cmake)
[3.142s] -- Found ament_lint_auto: 0.17.5 (/opt/ros/jazzy/share/ament_lint_auto/cmake)
[3.350s] -- Added test 'copyright' to check source files copyright and LICENSE
[3.359s] -- Added test 'cppcheck' to perform static code analysis on C / C++ code
[3.360s] -- Configured cppcheck include dirs: /home/matti/runner_ws/src/ldlidar_stl_ros2/include;/home/matti/runner_ws/src/ldlidar_stl_ros2/ldlidar_driver/include/core;/home/matti/runner_ws/src/ldlidar_stl_ros2/ldlidar_driver/include/dataprocess;/home/matti/runner_ws/src/ldlidar_stl_ros2/ldlidar_driver/include/filter;/home/matti/runner_ws/src/ldlidar_stl_ros2/ldlidar_driver/include/logger;/home/matti/runner_ws/src/ldlidar_stl_ros2/ldlidar_driver/include/networkcom;/home/matti/runner_ws/src/ldlidar_stl_ros2/ldlidar_driver/include/serialcom
[3.360s] -- Configured cppcheck exclude dirs and/or files: 
[3.374s] -- Added test 'cpplint' to check C / C++ code against the Google style
[3.374s] -- Configured cpplint exclude dirs and/or files: 
[3.376s] -- Added test 'flake8' to check Python code syntax and style conventions
[3.376s] -- Configured 'flake8' exclude dirs and/or files: 
[3.380s] -- Added test 'lint_cmake' to check CMake code style
[3.382s] -- Added test 'pep257' to check Python code against some of the docstring style conventions in PEP 257
[3.389s] -- Added test 'uncrustify' to check C / C++ code style
[3.389s] -- Configured uncrustify additional arguments: 
[3.391s] -- Added test 'xmllint' to check XML markup files
[3.395s] -- Configuring done (3.2s)
[3.416s] -- Generating done (0.0s)
[3.422s] -- Build files have been written to: /home/matti/runner_ws/build/ldlidar_stl_ros2
[3.442s] Invoked command in '/home/matti/runner_ws/build/ldlidar_stl_ros2' returned '0': CMAKE_PREFIX_PATH=/home/matti/runner_ws/install/runner_bringup:/home/matti/runner_ws/install/runner_teleop:/home/matti/runner_ws/install/runner_motor:/home/matti/runner_ws/install/runner_imu:/opt/ros/jazzy /usr/bin/cmake /home/matti/runner_ws/src/ldlidar_stl_ros2 -DCMAKE_INSTALL_PREFIX=/home/matti/runner_ws/install/ldlidar_stl_ros2
[3.444s] Invoking command in '/home/matti/runner_ws/build/ldlidar_stl_ros2': CMAKE_PREFIX_PATH=/home/matti/runner_ws/install/runner_bringup:/home/matti/runner_ws/install/runner_teleop:/home/matti/runner_ws/install/runner_motor:/home/matti/runner_ws/install/runner_imu:/opt/ros/jazzy /usr/bin/cmake --build /home/matti/runner_ws/build/ldlidar_stl_ros2 -- -j4 -l4
[3.535s] [ 37%] [32mBuilding CXX object CMakeFiles/ldlidar_stl_ros2_node.dir/ldlidar_driver/src/dataprocess/lipkg.cpp.o[0m
[3.535s] [ 37%] [32mBuilding CXX object CMakeFiles/ldlidar_stl_ros2_node.dir/ldlidar_driver/src/filter/tofbf.cpp.o[0m
[3.536s] [ 50%] [32mBuilding CXX object CMakeFiles/ldlidar_stl_ros2_node.dir/ldlidar_driver/src/core/ldlidar_driver.cpp.o[0m
[3.536s] [ 50%] [32mBuilding CXX object CMakeFiles/ldlidar_stl_ros2_node.dir/src/demo.cpp.o[0m
[5.386s] [ 62%] [32mBuilding CXX object CMakeFiles/ldlidar_stl_ros2_node.dir/ldlidar_driver/src/logger/log_module.cpp.o[0m
[5.624s] [ 75%] [32mBuilding CXX object CMakeFiles/ldlidar_stl_ros2_node.dir/ldlidar_driver/src/networkcom/network_socket_interface_linux.cpp.o[0m
[5.870s] [ 87%] [32mBuilding CXX object CMakeFiles/ldlidar_stl_ros2_node.dir/ldlidar_driver/src/serialcom/serial_interface_linux.cpp.o[0m
[5.929s] [01m[K/home/matti/runner_ws/src/ldlidar_stl_ros2/ldlidar_driver/src/logger/log_module.cpp:[m[K In member function ‘[01m[Kvoid LogModule::[01;32m[KInitLock[m[K()[m[K’:
[5.929s] [01m[K/home/matti/runner_ws/src/ldlidar_stl_ros2/ldlidar_driver/src/logger/log_module.cpp:172:3:[m[K [01;31m[Kerror: [m[K‘[01m[Kpthread_mutex_init[m[K’ was not declared in this scope; did you mean ‘[01m[Kpthread_mutex_t[m[K’?
[5.930s]   172 |   [01;31m[Kpthread_mutex_init[m[K(&mutex_lock_,NULL);
[5.930s]       |   [01;31m[K^~~~~~~~~~~~~~~~~~[m[K
[5.930s]       |   [32m[Kpthread_mutex_t[m[K
[5.933s] [01m[K/home/matti/runner_ws/src/ldlidar_stl_ros2/ldlidar_driver/src/logger/log_module.cpp:[m[K In member function ‘[01m[Kvoid LogModule::[01;32m[KRealseLock[m[K()[m[K’:
[5.933s] [01m[K/home/matti/runner_ws/src/ldlidar_stl_ros2/ldlidar_driver/src/logger/log_module.cpp:180:9:[m[K [01;31m[Kerror: [m[K‘[01m[Kpthread_mutex_unlock[m[K’ was not declared in this scope; did you mean ‘[01m[Kpthread_mutex_t[m[K’?
[5.933s]   180 |         [01;31m[Kpthread_mutex_unlock[m[K(&mutex_lock_);
[5.933s]       |         [01;31m[K^~~~~~~~~~~~~~~~~~~~[m[K
[5.933s]       |         [32m[Kpthread_mutex_t[m[K
[5.939s] [01m[K/home/matti/runner_ws/src/ldlidar_stl_ros2/ldlidar_driver/src/logger/log_module.cpp:[m[K In member function ‘[01m[Kvoid LogModule::[01;32m[KLock[m[K()[m[K’:
[5.939s] [01m[K/home/matti/runner_ws/src/ldlidar_stl_ros2/ldlidar_driver/src/logger/log_module.cpp:188:9:[m[K [01;31m[Kerror: [m[K‘[01m[Kpthread_mutex_lock[m[K’ was not declared in this scope; did you mean ‘[01m[Kpthread_mutex_t[m[K’?
[5.939s]   188 |         [01;31m[Kpthread_mutex_lock[m[K(&mutex_lock_);
[5.939s]       |         [01;31m[K^~~~~~~~~~~~~~~~~~[m[K
[5.940s]       |         [32m[Kpthread_mutex_t[m[K
[5.946s] [01m[K/home/matti/runner_ws/src/ldlidar_stl_ros2/ldlidar_driver/src/logger/log_module.cpp:[m[K In member function ‘[01m[Kvoid LogModule::[01;32m[KUnLock[m[K()[m[K’:
[5.946s] [01m[K/home/matti/runner_ws/src/ldlidar_stl_ros2/ldlidar_driver/src/logger/log_module.cpp:196:9:[m[K [01;31m[Kerror: [m[K‘[01m[Kpthread_mutex_unlock[m[K’ was not declared in this scope; did you mean ‘[01m[Kpthread_mutex_t[m[K’?
[5.946s]   196 |         [01;31m[Kpthread_mutex_unlock[m[K(&mutex_lock_);
[5.946s]       |         [01;31m[K^~~~~~~~~~~~~~~~~~~~[m[K
[5.946s]       |         [32m[Kpthread_mutex_t[m[K
[6.031s] gmake[2]: *** [CMakeFiles/ldlidar_stl_ros2_node.dir/build.make:132: CMakeFiles/ldlidar_stl_ros2_node.dir/ldlidar_driver/src/logger/log_module.cpp.o] Error 1
[6.031s] gmake[2]: *** Waiting for unfinished jobs....
[12.405s] gmake[1]: *** [CMakeFiles/Makefile2:137: CMakeFiles/ldlidar_stl_ros2_node.dir/all] Error 2
[12.405s] gmake: *** [Makefile:146: all] Error 2
[12.409s] Invoked command in '/home/matti/runner_ws/build/ldlidar_stl_ros2' returned '2': CMAKE_PREFIX_PATH=/home/matti/runner_ws/install/runner_bringup:/home/matti/runner_ws/install/runner_teleop:/home/matti/runner_ws/install/runner_motor:/home/matti/runner_ws/install/runner_imu:/opt/ros/jazzy /usr/bin/cmake --build /home/matti/runner_ws/build/ldlidar_stl_ros2 -- -j4 -l4
